{"total": {"lines":{"total":11476,"covered":8147,"skipped":0,"pct":70.99},"statements":{"total":11705,"covered":8267,"skipped":0,"pct":70.62},"functions":{"total":3214,"covered":1964,"skipped":0,"pct":61.1},"branches":{"total":6023,"covered":3660,"skipped":0,"pct":60.76},"branchesTrue":{"total":0,"covered":0,"skipped":0,"pct":100}}
,"/Users/pmontu01/Documents/Enterprise/enterprise-react-native/src/constants/confirmModify.ts": {"lines":{"total":2,"covered":2,"skipped":0,"pct":100},"functions":{"total":0,"covered":0,"skipped":0,"pct":100},"statements":{"total":2,"covered":2,"skipped":0,"pct":100},"branches":{"total":0,"covered":0,"skipped":0,"pct":100}}
,"/Users/pmontu01/Documents/Enterprise/enterprise-react-native/src/constants/constants.ts": {"lines":{"total":13,"covered":13,"skipped":0,"pct":100},"functions":{"total":0,"covered":0,"skipped":0,"pct":100},"statements":{"total":13,"covered":13,"skipped":0,"pct":100},"branches":{"total":0,"covered":0,"skipped":0,"pct":100}}
,"/Users/pmontu01/Documents/Enterprise/enterprise-react-native/src/constants/contract.ts": {"lines":{"total":2,"covered":2,"skipped":0,"pct":100},"functions":{"total":0,"covered":0,"skipped":0,"pct":100},"statements":{"total":2,"covered":2,"skipped":0,"pct":100},"branches":{"total":0,"covered":0,"skipped":0,"pct":100}}
,"/Users/pmontu01/Documents/Enterprise/enterprise-react-native/src/constants/endpointConstants.ts": {"lines":{"total":1,"covered":1,"skipped":0,"pct":100},"functions":{"total":0,"covered":0,"skipped":0,"pct":100},"statements":{"total":1,"covered":1,"skipped":0,"pct":100},"branches":{"total":0,"covered":0,"skipped":0,"pct":100}}
,"/Users/pmontu01/Documents/Enterprise/enterprise-react-native/src/constants/error.ts": {"lines":{"total":3,"covered":3,"skipped":0,"pct":100},"functions":{"total":0,"covered":0,"skipped":0,"pct":100},"statements":{"total":3,"covered":3,"skipped":0,"pct":100},"branches":{"total":0,"covered":0,"skipped":0,"pct":100}}
,"/Users/pmontu01/Documents/Enterprise/enterprise-react-native/src/constants/index.ts": {"lines":{"total":0,"covered":0,"skipped":0,"pct":100},"functions":{"total":0,"covered":0,"skipped":0,"pct":100},"statements":{"total":0,"covered":0,"skipped":0,"pct":100},"branches":{"total":0,"covered":0,"skipped":0,"pct":100}}
,"/Users/pmontu01/Documents/Enterprise/enterprise-react-native/src/constants/locales.ts": {"lines":{"total":4,"covered":4,"skipped":0,"pct":100},"functions":{"total":0,"covered":0,"skipped":0,"pct":100},"statements":{"total":4,"covered":4,"skipped":0,"pct":100},"branches":{"total":0,"covered":0,"skipped":0,"pct":100}}
,"/Users/pmontu01/Documents/Enterprise/enterprise-react-native/src/constants/locationSearch.ts": {"lines":{"total":1,"covered":1,"skipped":0,"pct":100},"functions":{"total":0,"covered":0,"skipped":0,"pct":100},"statements":{"total":1,"covered":1,"skipped":0,"pct":100},"branches":{"total":0,"covered":0,"skipped":0,"pct":100}}
,"/Users/pmontu01/Documents/Enterprise/enterprise-react-native/src/constants/modalIds.ts": {"lines":{"total":1,"covered":1,"skipped":0,"pct":100},"functions":{"total":0,"covered":0,"skipped":0,"pct":100},"statements":{"total":1,"covered":1,"skipped":0,"pct":100},"branches":{"total":0,"covered":0,"skipped":0,"pct":100}}
,"/Users/pmontu01/Documents/Enterprise/enterprise-react-native/src/constants/payment.ts": {"lines":{"total":1,"covered":1,"skipped":0,"pct":100},"functions":{"total":0,"covered":0,"skipped":0,"pct":100},"statements":{"total":1,"covered":1,"skipped":0,"pct":100},"branches":{"total":0,"covered":0,"skipped":0,"pct":100}}
,"/Users/pmontu01/Documents/Enterprise/enterprise-react-native/src/constants/phoneTypeConstants.ts": {"lines":{"total":2,"covered":2,"skipped":0,"pct":100},"functions":{"total":0,"covered":0,"skipped":0,"pct":100},"statements":{"total":2,"covered":2,"skipped":0,"pct":100},"branches":{"total":0,"covered":0,"skipped":0,"pct":100}}
,"/Users/pmontu01/Documents/Enterprise/enterprise-react-native/src/constants/rentals.ts": {"lines":{"total":1,"covered":1,"skipped":0,"pct":100},"functions":{"total":0,"covered":0,"skipped":0,"pct":100},"statements":{"total":1,"covered":1,"skipped":0,"pct":100},"branches":{"total":0,"covered":0,"skipped":0,"pct":100}}
,"/Users/pmontu01/Documents/Enterprise/enterprise-react-native/src/constants/reservation.ts": {"lines":{"total":5,"covered":5,"skipped":0,"pct":100},"functions":{"total":0,"covered":0,"skipped":0,"pct":100},"statements":{"total":5,"covered":5,"skipped":0,"pct":100},"branches":{"total":0,"covered":0,"skipped":0,"pct":100}}
,"/Users/pmontu01/Documents/Enterprise/enterprise-react-native/src/constants/routeConstants.ts": {"lines":{"total":1,"covered":1,"skipped":0,"pct":100},"functions":{"total":0,"covered":0,"skipped":0,"pct":100},"statements":{"total":1,"covered":1,"skipped":0,"pct":100},"branches":{"total":0,"covered":0,"skipped":0,"pct":100}}
,"/Users/pmontu01/Documents/Enterprise/enterprise-react-native/src/constants/routeParamsConstants.ts": {"lines":{"total":2,"covered":2,"skipped":0,"pct":100},"functions":{"total":0,"covered":0,"skipped":0,"pct":100},"statements":{"total":2,"covered":2,"skipped":0,"pct":100},"branches":{"total":0,"covered":0,"skipped":0,"pct":100}}
,"/Users/pmontu01/Documents/Enterprise/enterprise-react-native/src/constants/toastIds.ts": {"lines":{"total":1,"covered":1,"skipped":0,"pct":100},"functions":{"total":0,"covered":0,"skipped":0,"pct":100},"statements":{"total":1,"covered":1,"skipped":0,"pct":100},"branches":{"total":0,"covered":0,"skipped":0,"pct":100}}
,"/Users/pmontu01/Documents/Enterprise/enterprise-react-native/src/constants/webUrlConstants.ts": {"lines":{"total":5,"covered":5,"skipped":0,"pct":100},"functions":{"total":0,"covered":0,"skipped":0,"pct":100},"statements":{"total":5,"covered":5,"skipped":0,"pct":100},"branches":{"total":0,"covered":0,"skipped":0,"pct":100}}
,"/Users/pmontu01/Documents/Enterprise/enterprise-react-native/src/constants/webViewConstants.ts": {"lines":{"total":4,"covered":4,"skipped":0,"pct":100},"functions":{"total":0,"covered":0,"skipped":0,"pct":100},"statements":{"total":4,"covered":4,"skipped":0,"pct":100},"branches":{"total":0,"covered":0,"skipped":0,"pct":100}}
,"/Users/pmontu01/Documents/Enterprise/enterprise-react-native/src/gmi/state/categories.types.ts": {"lines":{"total":0,"covered":0,"skipped":0,"pct":100},"functions":{"total":0,"covered":0,"skipped":0,"pct":100},"statements":{"total":0,"covered":0,"skipped":0,"pct":100},"branches":{"total":0,"covered":0,"skipped":0,"pct":100}}
,"/Users/pmontu01/Documents/Enterprise/enterprise-react-native/src/gmi/state/cda.types.ts": {"lines":{"total":0,"covered":0,"skipped":0,"pct":100},"functions":{"total":0,"covered":0,"skipped":0,"pct":100},"statements":{"total":0,"covered":0,"skipped":0,"pct":100},"branches":{"total":0,"covered":0,"skipped":0,"pct":100}}
,"/Users/pmontu01/Documents/Enterprise/enterprise-react-native/src/gmi/state/checkin.types.ts": {"lines":{"total":0,"covered":0,"skipped":0,"pct":100},"functions":{"total":0,"covered":0,"skipped":0,"pct":100},"statements":{"total":0,"covered":0,"skipped":0,"pct":100},"branches":{"total":0,"covered":0,"skipped":0,"pct":100}}
,"/Users/pmontu01/Documents/Enterprise/enterprise-react-native/src/gmi/state/commitState.types.ts": {"lines":{"total":0,"covered":0,"skipped":0,"pct":100},"functions":{"total":0,"covered":0,"skipped":0,"pct":100},"statements":{"total":0,"covered":0,"skipped":0,"pct":100},"branches":{"total":0,"covered":0,"skipped":0,"pct":100}}
,"/Users/pmontu01/Documents/Enterprise/enterprise-react-native/src/gmi/state/contact.types.ts": {"lines":{"total":0,"covered":0,"skipped":0,"pct":100},"functions":{"total":0,"covered":0,"skipped":0,"pct":100},"statements":{"total":0,"covered":0,"skipped":0,"pct":100},"branches":{"total":0,"covered":0,"skipped":0,"pct":100}}
,"/Users/pmontu01/Documents/Enterprise/enterprise-react-native/src/gmi/state/emeraldCheckout.types.ts": {"lines":{"total":0,"covered":0,"skipped":0,"pct":100},"functions":{"total":0,"covered":0,"skipped":0,"pct":100},"statements":{"total":0,"covered":0,"skipped":0,"pct":100},"branches":{"total":0,"covered":0,"skipped":0,"pct":100}}
,"/Users/pmontu01/Documents/Enterprise/enterprise-react-native/src/gmi/state/enroll.types.ts": {"lines":{"total":0,"covered":0,"skipped":0,"pct":100},"functions":{"total":0,"covered":0,"skipped":0,"pct":100},"statements":{"total":0,"covered":0,"skipped":0,"pct":100},"branches":{"total":0,"covered":0,"skipped":0,"pct":100}}
,"/Users/pmontu01/Documents/Enterprise/enterprise-react-native/src/gmi/state/enrollment.types.ts": {"lines":{"total":0,"covered":0,"skipped":0,"pct":100},"functions":{"total":0,"covered":0,"skipped":0,"pct":100},"statements":{"total":0,"covered":0,"skipped":0,"pct":100},"branches":{"total":0,"covered":0,"skipped":0,"pct":100}}
,"/Users/pmontu01/Documents/Enterprise/enterprise-react-native/src/gmi/state/extra.types.ts": {"lines":{"total":0,"covered":0,"skipped":0,"pct":100},"functions":{"total":0,"covered":0,"skipped":0,"pct":100},"statements":{"total":0,"covered":0,"skipped":0,"pct":100},"branches":{"total":0,"covered":0,"skipped":0,"pct":100}}
,"/Users/pmontu01/Documents/Enterprise/enterprise-react-native/src/gmi/state/fetching.types.ts": {"lines":{"total":0,"covered":0,"skipped":0,"pct":100},"functions":{"total":0,"covered":0,"skipped":0,"pct":100},"statements":{"total":0,"covered":0,"skipped":0,"pct":100},"branches":{"total":0,"covered":0,"skipped":0,"pct":100}}
,"/Users/pmontu01/Documents/Enterprise/enterprise-react-native/src/gmi/state/gma.types.ts": {"lines":{"total":0,"covered":0,"skipped":0,"pct":100},"functions":{"total":0,"covered":0,"skipped":0,"pct":100},"statements":{"total":0,"covered":0,"skipped":0,"pct":100},"branches":{"total":0,"covered":0,"skipped":0,"pct":100}}
,"/Users/pmontu01/Documents/Enterprise/enterprise-react-native/src/gmi/state/gmiState.types.ts": {"lines":{"total":0,"covered":0,"skipped":0,"pct":100},"functions":{"total":0,"covered":0,"skipped":0,"pct":100},"statements":{"total":0,"covered":0,"skipped":0,"pct":100},"branches":{"total":0,"covered":0,"skipped":0,"pct":100}}
,"/Users/pmontu01/Documents/Enterprise/enterprise-react-native/src/gmi/state/location.types.ts": {"lines":{"total":0,"covered":0,"skipped":0,"pct":100},"functions":{"total":0,"covered":0,"skipped":0,"pct":100},"statements":{"total":0,"covered":0,"skipped":0,"pct":100},"branches":{"total":0,"covered":0,"skipped":0,"pct":100}}
,"/Users/pmontu01/Documents/Enterprise/enterprise-react-native/src/gmi/state/messages.types.ts": {"lines":{"total":0,"covered":0,"skipped":0,"pct":100},"functions":{"total":0,"covered":0,"skipped":0,"pct":100},"statements":{"total":0,"covered":0,"skipped":0,"pct":100},"branches":{"total":0,"covered":0,"skipped":0,"pct":100}}
,"/Users/pmontu01/Documents/Enterprise/enterprise-react-native/src/gmi/state/partnerRewards.types.ts": {"lines":{"total":0,"covered":0,"skipped":0,"pct":100},"functions":{"total":0,"covered":0,"skipped":0,"pct":100},"statements":{"total":0,"covered":0,"skipped":0,"pct":100},"branches":{"total":0,"covered":0,"skipped":0,"pct":100}}
,"/Users/pmontu01/Documents/Enterprise/enterprise-react-native/src/gmi/state/payment.types.ts": {"lines":{"total":3,"covered":3,"skipped":0,"pct":100},"functions":{"total":0,"covered":0,"skipped":0,"pct":100},"statements":{"total":3,"covered":3,"skipped":0,"pct":100},"branches":{"total":0,"covered":0,"skipped":0,"pct":100}}
,"/Users/pmontu01/Documents/Enterprise/enterprise-react-native/src/gmi/state/products.types.ts": {"lines":{"total":0,"covered":0,"skipped":0,"pct":100},"functions":{"total":0,"covered":0,"skipped":0,"pct":100},"statements":{"total":0,"covered":0,"skipped":0,"pct":100},"branches":{"total":0,"covered":0,"skipped":0,"pct":100}}
,"/Users/pmontu01/Documents/Enterprise/enterprise-react-native/src/gmi/state/profile.types.ts": {"lines":{"total":1,"covered":1,"skipped":0,"pct":100},"functions":{"total":0,"covered":0,"skipped":0,"pct":100},"statements":{"total":1,"covered":1,"skipped":0,"pct":100},"branches":{"total":0,"covered":0,"skipped":0,"pct":100}}
,"/Users/pmontu01/Documents/Enterprise/enterprise-react-native/src/gmi/state/rentalTermsAndConditions.types.ts": {"lines":{"total":0,"covered":0,"skipped":0,"pct":100},"functions":{"total":0,"covered":0,"skipped":0,"pct":100},"statements":{"total":0,"covered":0,"skipped":0,"pct":100},"branches":{"total":0,"covered":0,"skipped":0,"pct":100}}
,"/Users/pmontu01/Documents/Enterprise/enterprise-react-native/src/gmi/state/reservation.types.ts": {"lines":{"total":1,"covered":1,"skipped":0,"pct":100},"functions":{"total":0,"covered":0,"skipped":0,"pct":100},"statements":{"total":1,"covered":1,"skipped":0,"pct":100},"branches":{"total":0,"covered":0,"skipped":0,"pct":100}}
,"/Users/pmontu01/Documents/Enterprise/enterprise-react-native/src/gmi/state/reservations.types.ts": {"lines":{"total":0,"covered":0,"skipped":0,"pct":100},"functions":{"total":0,"covered":0,"skipped":0,"pct":100},"statements":{"total":0,"covered":0,"skipped":0,"pct":100},"branches":{"total":0,"covered":0,"skipped":0,"pct":100}}
,"/Users/pmontu01/Documents/Enterprise/enterprise-react-native/src/gmi/state/rewards.types.ts": {"lines":{"total":0,"covered":0,"skipped":0,"pct":100},"functions":{"total":0,"covered":0,"skipped":0,"pct":100},"statements":{"total":0,"covered":0,"skipped":0,"pct":100},"branches":{"total":0,"covered":0,"skipped":0,"pct":100}}
,"/Users/pmontu01/Documents/Enterprise/enterprise-react-native/src/gmi/state/session.types.ts": {"lines":{"total":0,"covered":0,"skipped":0,"pct":100},"functions":{"total":0,"covered":0,"skipped":0,"pct":100},"statements":{"total":0,"covered":0,"skipped":0,"pct":100},"branches":{"total":0,"covered":0,"skipped":0,"pct":100}}
,"/Users/pmontu01/Documents/Enterprise/enterprise-react-native/src/gmi/state/solr.types.ts": {"lines":{"total":0,"covered":0,"skipped":0,"pct":100},"functions":{"total":0,"covered":0,"skipped":0,"pct":100},"statements":{"total":0,"covered":0,"skipped":0,"pct":100},"branches":{"total":0,"covered":0,"skipped":0,"pct":100}}
,"/Users/pmontu01/Documents/Enterprise/enterprise-react-native/src/gmi/state/supportNumber.types.ts": {"lines":{"total":0,"covered":0,"skipped":0,"pct":100},"functions":{"total":0,"covered":0,"skipped":0,"pct":100},"statements":{"total":0,"covered":0,"skipped":0,"pct":100},"branches":{"total":0,"covered":0,"skipped":0,"pct":100}}
,"/Users/pmontu01/Documents/Enterprise/enterprise-react-native/src/gmi/state/termsLoyalty.types.ts": {"lines":{"total":0,"covered":0,"skipped":0,"pct":100},"functions":{"total":0,"covered":0,"skipped":0,"pct":100},"statements":{"total":0,"covered":0,"skipped":0,"pct":100},"branches":{"total":0,"covered":0,"skipped":0,"pct":100}}
,"/Users/pmontu01/Documents/Enterprise/enterprise-react-native/src/gmi/state/trips.types.ts": {"lines":{"total":0,"covered":0,"skipped":0,"pct":100},"functions":{"total":0,"covered":0,"skipped":0,"pct":100},"statements":{"total":0,"covered":0,"skipped":0,"pct":100},"branches":{"total":0,"covered":0,"skipped":0,"pct":100}}
,"/Users/pmontu01/Documents/Enterprise/enterprise-react-native/src/gmi/state/ui.types.ts": {"lines":{"total":0,"covered":0,"skipped":0,"pct":100},"functions":{"total":0,"covered":0,"skipped":0,"pct":100},"statements":{"total":0,"covered":0,"skipped":0,"pct":100},"branches":{"total":0,"covered":0,"skipped":0,"pct":100}}
,"/Users/pmontu01/Documents/Enterprise/enterprise-react-native/src/gmi/state/vehicle.types.ts": {"lines":{"total":1,"covered":1,"skipped":0,"pct":100},"functions":{"total":0,"covered":0,"skipped":0,"pct":100},"statements":{"total":1,"covered":1,"skipped":0,"pct":100},"branches":{"total":0,"covered":0,"skipped":0,"pct":100}}
,"/Users/pmontu01/Documents/Enterprise/enterprise-react-native/src/gmi/types/Actions.types.ts": {"lines":{"total":1,"covered":1,"skipped":0,"pct":100},"functions":{"total":0,"covered":0,"skipped":0,"pct":100},"statements":{"total":1,"covered":1,"skipped":0,"pct":100},"branches":{"total":0,"covered":0,"skipped":0,"pct":100}}
,"/Users/pmontu01/Documents/Enterprise/enterprise-react-native/src/gmi/types/AppGmiReduxConfig.types.ts": {"lines":{"total":0,"covered":0,"skipped":0,"pct":100},"functions":{"total":0,"covered":0,"skipped":0,"pct":100},"statements":{"total":0,"covered":0,"skipped":0,"pct":100},"branches":{"total":0,"covered":0,"skipped":0,"pct":100}}
,"/Users/pmontu01/Documents/Enterprise/enterprise-react-native/src/gmi/types/ReduxConfig.types.ts": {"lines":{"total":0,"covered":0,"skipped":0,"pct":100},"functions":{"total":0,"covered":0,"skipped":0,"pct":100},"statements":{"total":0,"covered":0,"skipped":0,"pct":100},"branches":{"total":0,"covered":0,"skipped":0,"pct":100}}
,"/Users/pmontu01/Documents/Enterprise/enterprise-react-native/src/gmi/types/Request.types.ts": {"lines":{"total":0,"covered":0,"skipped":0,"pct":100},"functions":{"total":0,"covered":0,"skipped":0,"pct":100},"statements":{"total":0,"covered":0,"skipped":0,"pct":100},"branches":{"total":0,"covered":0,"skipped":0,"pct":100}}
,"/Users/pmontu01/Documents/Enterprise/enterprise-react-native/src/gmi/types/Reservation.types.ts": {"lines":{"total":1,"covered":1,"skipped":0,"pct":100},"functions":{"total":0,"covered":0,"skipped":0,"pct":100},"statements":{"total":1,"covered":1,"skipped":0,"pct":100},"branches":{"total":0,"covered":0,"skipped":0,"pct":100}}
,"/Users/pmontu01/Documents/Enterprise/enterprise-react-native/src/gmi/types/Services.types.ts": {"lines":{"total":0,"covered":0,"skipped":0,"pct":100},"functions":{"total":0,"covered":0,"skipped":0,"pct":100},"statements":{"total":0,"covered":0,"skipped":0,"pct":100},"branches":{"total":0,"covered":0,"skipped":0,"pct":100}}
,"/Users/pmontu01/Documents/Enterprise/enterprise-react-native/src/gmi/types/Utils.types.ts": {"lines":{"total":2,"covered":2,"skipped":0,"pct":100},"functions":{"total":0,"covered":0,"skipped":0,"pct":100},"statements":{"total":2,"covered":2,"skipped":0,"pct":100},"branches":{"total":0,"covered":0,"skipped":0,"pct":100}}
,"/Users/pmontu01/Documents/Enterprise/enterprise-react-native/src/hooks/index.ts": {"lines":{"total":0,"covered":0,"skipped":0,"pct":100},"functions":{"total":0,"covered":0,"skipped":0,"pct":100},"statements":{"total":0,"covered":0,"skipped":0,"pct":100},"branches":{"total":0,"covered":0,"skipped":0,"pct":100}}
,"/Users/pmontu01/Documents/Enterprise/enterprise-react-native/src/hooks/useAnalyticsTrackScreen.ts": {"lines":{"total":10,"covered":10,"skipped":0,"pct":100},"functions":{"total":2,"covered":2,"skipped":0,"pct":100},"statements":{"total":11,"covered":11,"skipped":0,"pct":100},"branches":{"total":2,"covered":2,"skipped":0,"pct":100}}
,"/Users/pmontu01/Documents/Enterprise/enterprise-react-native/src/hooks/useAppDispatch.ts": {"lines":{"total":1,"covered":1,"skipped":0,"pct":100},"functions":{"total":0,"covered":0,"skipped":0,"pct":100},"statements":{"total":1,"covered":1,"skipped":0,"pct":100},"branches":{"total":0,"covered":0,"skipped":0,"pct":100}}
,"/Users/pmontu01/Documents/Enterprise/enterprise-react-native/src/hooks/useAppRouter.ts": {"lines":{"total":4,"covered":4,"skipped":0,"pct":100},"functions":{"total":1,"covered":1,"skipped":0,"pct":100},"statements":{"total":4,"covered":4,"skipped":0,"pct":100},"branches":{"total":0,"covered":0,"skipped":0,"pct":100}}
,"/Users/pmontu01/Documents/Enterprise/enterprise-react-native/src/hooks/useAppTheme.tsx": {"lines":{"total":1,"covered":1,"skipped":0,"pct":100},"functions":{"total":1,"covered":1,"skipped":0,"pct":100},"statements":{"total":2,"covered":2,"skipped":0,"pct":100},"branches":{"total":0,"covered":0,"skipped":0,"pct":100}}
,"/Users/pmontu01/Documents/Enterprise/enterprise-react-native/src/hooks/useAppliedContractOrPromoName.ts": {"lines":{"total":7,"covered":4,"skipped":0,"pct":57.14},"functions":{"total":1,"covered":1,"skipped":0,"pct":100},"statements":{"total":7,"covered":4,"skipped":0,"pct":57.14},"branches":{"total":6,"covered":3,"skipped":0,"pct":50}}
,"/Users/pmontu01/Documents/Enterprise/enterprise-react-native/src/hooks/useAutoSaveLocallyToggle.ts": {"lines":{"total":7,"covered":7,"skipped":0,"pct":100},"functions":{"total":2,"covered":2,"skipped":0,"pct":100},"statements":{"total":7,"covered":7,"skipped":0,"pct":100},"branches":{"total":0,"covered":0,"skipped":0,"pct":100}}
,"/Users/pmontu01/Documents/Enterprise/enterprise-react-native/src/hooks/useButton.ts": {"lines":{"total":5,"covered":5,"skipped":0,"pct":100},"functions":{"total":1,"covered":1,"skipped":0,"pct":100},"statements":{"total":5,"covered":5,"skipped":0,"pct":100},"branches":{"total":5,"covered":5,"skipped":0,"pct":100}}
,"/Users/pmontu01/Documents/Enterprise/enterprise-react-native/src/hooks/useCameraPermission.ts": {"lines":{"total":11,"covered":9,"skipped":0,"pct":81.81},"functions":{"total":2,"covered":2,"skipped":0,"pct":100},"statements":{"total":12,"covered":10,"skipped":0,"pct":83.33},"branches":{"total":6,"covered":6,"skipped":0,"pct":100}}
,"/Users/pmontu01/Documents/Enterprise/enterprise-react-native/src/hooks/useDeepLink.ts": {"lines":{"total":69,"covered":62,"skipped":0,"pct":89.85},"functions":{"total":11,"covered":11,"skipped":0,"pct":100},"statements":{"total":72,"covered":63,"skipped":0,"pct":87.5},"branches":{"total":40,"covered":29,"skipped":0,"pct":72.5}}
,"/Users/pmontu01/Documents/Enterprise/enterprise-react-native/src/hooks/useFavorites.ts": {"lines":{"total":27,"covered":18,"skipped":0,"pct":66.66},"functions":{"total":12,"covered":7,"skipped":0,"pct":58.33},"statements":{"total":28,"covered":19,"skipped":0,"pct":67.85},"branches":{"total":2,"covered":2,"skipped":0,"pct":100}}
,"/Users/pmontu01/Documents/Enterprise/enterprise-react-native/src/hooks/useFilteredLocations.ts": {"lines":{"total":62,"covered":54,"skipped":0,"pct":87.09},"functions":{"total":22,"covered":17,"skipped":0,"pct":77.27},"statements":{"total":66,"covered":57,"skipped":0,"pct":86.36},"branches":{"total":20,"covered":16,"skipped":0,"pct":80}}
,"/Users/pmontu01/Documents/Enterprise/enterprise-react-native/src/hooks/useInitializers.ts": {"lines":{"total":61,"covered":51,"skipped":0,"pct":83.6},"functions":{"total":15,"covered":12,"skipped":0,"pct":80},"statements":{"total":62,"covered":51,"skipped":0,"pct":82.25},"branches":{"total":19,"covered":12,"skipped":0,"pct":63.15}}
,"/Users/pmontu01/Documents/Enterprise/enterprise-react-native/src/hooks/useLocalNotification.ts": {"lines":{"total":9,"covered":9,"skipped":0,"pct":100},"functions":{"total":3,"covered":3,"skipped":0,"pct":100},"statements":{"total":9,"covered":9,"skipped":0,"pct":100},"branches":{"total":2,"covered":2,"skipped":0,"pct":100}}
,"/Users/pmontu01/Documents/Enterprise/enterprise-react-native/src/hooks/useLocationPermissions.ts": {"lines":{"total":7,"covered":6,"skipped":0,"pct":85.71},"functions":{"total":4,"covered":2,"skipped":0,"pct":50},"statements":{"total":7,"covered":6,"skipped":0,"pct":85.71},"branches":{"total":2,"covered":2,"skipped":0,"pct":100}}
,"/Users/pmontu01/Documents/Enterprise/enterprise-react-native/src/hooks/useModal.ts": {"lines":{"total":4,"covered":4,"skipped":0,"pct":100},"functions":{"total":3,"covered":3,"skipped":0,"pct":100},"statements":{"total":6,"covered":6,"skipped":0,"pct":100},"branches":{"total":0,"covered":0,"skipped":0,"pct":100}}
,"/Users/pmontu01/Documents/Enterprise/enterprise-react-native/src/hooks/usePaymentMethods.ts": {"lines":{"total":29,"covered":8,"skipped":0,"pct":27.58},"functions":{"total":4,"covered":2,"skipped":0,"pct":50},"statements":{"total":29,"covered":8,"skipped":0,"pct":27.58},"branches":{"total":0,"covered":0,"skipped":0,"pct":100}}
,"/Users/pmontu01/Documents/Enterprise/enterprise-react-native/src/hooks/useRecentLocation.ts": {"lines":{"total":39,"covered":2,"skipped":0,"pct":5.12},"functions":{"total":17,"covered":0,"skipped":0,"pct":0},"statements":{"total":42,"covered":2,"skipped":0,"pct":4.76},"branches":{"total":4,"covered":0,"skipped":0,"pct":0}}
,"/Users/pmontu01/Documents/Enterprise/enterprise-react-native/src/hooks/useRotateAnimation.ts": {"lines":{"total":13,"covered":0,"skipped":0,"pct":0},"functions":{"total":4,"covered":0,"skipped":0,"pct":0},"statements":{"total":13,"covered":0,"skipped":0,"pct":0},"branches":{"total":4,"covered":0,"skipped":0,"pct":0}}
,"/Users/pmontu01/Documents/Enterprise/enterprise-react-native/src/hooks/useSaveLocallyCheckBox.ts": {"lines":{"total":15,"covered":7,"skipped":0,"pct":46.66},"functions":{"total":5,"covered":2,"skipped":0,"pct":40},"statements":{"total":18,"covered":7,"skipped":0,"pct":38.88},"branches":{"total":15,"covered":6,"skipped":0,"pct":40}}
,"/Users/pmontu01/Documents/Enterprise/enterprise-react-native/src/hooks/useSetReservationLocation.ts": {"lines":{"total":17,"covered":17,"skipped":0,"pct":100},"functions":{"total":2,"covered":2,"skipped":0,"pct":100},"statements":{"total":17,"covered":17,"skipped":0,"pct":100},"branches":{"total":23,"covered":21,"skipped":0,"pct":91.3}}
,"/Users/pmontu01/Documents/Enterprise/enterprise-react-native/src/hooks/useStorage.ts": {"lines":{"total":2,"covered":2,"skipped":0,"pct":100},"functions":{"total":1,"covered":1,"skipped":0,"pct":100},"statements":{"total":2,"covered":2,"skipped":0,"pct":100},"branches":{"total":1,"covered":1,"skipped":0,"pct":100}}
,"/Users/pmontu01/Documents/Enterprise/enterprise-react-native/src/hooks/useSupportContactData.ts": {"lines":{"total":3,"covered":3,"skipped":0,"pct":100},"functions":{"total":1,"covered":1,"skipped":0,"pct":100},"statements":{"total":3,"covered":3,"skipped":0,"pct":100},"branches":{"total":0,"covered":0,"skipped":0,"pct":100}}
,"/Users/pmontu01/Documents/Enterprise/enterprise-react-native/src/hooks/useTimeout.ts": {"lines":{"total":11,"covered":10,"skipped":0,"pct":90.9},"functions":{"total":5,"covered":5,"skipped":0,"pct":100},"statements":{"total":11,"covered":10,"skipped":0,"pct":90.9},"branches":{"total":4,"covered":2,"skipped":0,"pct":50}}
,"/Users/pmontu01/Documents/Enterprise/enterprise-react-native/src/localization/en.ts": {"lines":{"total":1,"covered":1,"skipped":0,"pct":100},"functions":{"total":0,"covered":0,"skipped":0,"pct":100},"statements":{"total":1,"covered":1,"skipped":0,"pct":100},"branches":{"total":0,"covered":0,"skipped":0,"pct":100}}
,"/Users/pmontu01/Documents/Enterprise/enterprise-react-native/src/managers/Accessibility.ts": {"lines":{"total":3,"covered":0,"skipped":0,"pct":0},"functions":{"total":2,"covered":0,"skipped":0,"pct":0},"statements":{"total":3,"covered":0,"skipped":0,"pct":0},"branches":{"total":0,"covered":0,"skipped":0,"pct":100}}
,"/Users/pmontu01/Documents/Enterprise/enterprise-react-native/src/managers/AdobeTarget.ts": {"lines":{"total":12,"covered":0,"skipped":0,"pct":0},"functions":{"total":4,"covered":0,"skipped":0,"pct":0},"statements":{"total":12,"covered":0,"skipped":0,"pct":0},"branches":{"total":2,"covered":0,"skipped":0,"pct":0}}
,"/Users/pmontu01/Documents/Enterprise/enterprise-react-native/src/managers/Biometrics.ts": {"lines":{"total":9,"covered":0,"skipped":0,"pct":0},"functions":{"total":5,"covered":0,"skipped":0,"pct":0},"statements":{"total":10,"covered":0,"skipped":0,"pct":0},"branches":{"total":0,"covered":0,"skipped":0,"pct":100}}
,"/Users/pmontu01/Documents/Enterprise/enterprise-react-native/src/managers/Crashlytics.ts": {"lines":{"total":7,"covered":7,"skipped":0,"pct":100},"functions":{"total":7,"covered":7,"skipped":0,"pct":100},"statements":{"total":7,"covered":7,"skipped":0,"pct":100},"branches":{"total":0,"covered":0,"skipped":0,"pct":100}}
,"/Users/pmontu01/Documents/Enterprise/enterprise-react-native/src/managers/Date.ts": {"lines":{"total":1,"covered":1,"skipped":0,"pct":100},"functions":{"total":1,"covered":1,"skipped":0,"pct":100},"statements":{"total":1,"covered":1,"skipped":0,"pct":100},"branches":{"total":0,"covered":0,"skipped":0,"pct":100}}
,"/Users/pmontu01/Documents/Enterprise/enterprise-react-native/src/managers/DynamicFeatureFlags.ts": {"lines":{"total":17,"covered":0,"skipped":0,"pct":0},"functions":{"total":7,"covered":0,"skipped":0,"pct":0},"statements":{"total":17,"covered":0,"skipped":0,"pct":0},"branches":{"total":11,"covered":0,"skipped":0,"pct":0}}
,"/Users/pmontu01/Documents/Enterprise/enterprise-react-native/src/managers/ENotification.ts": {"lines":{"total":66,"covered":31,"skipped":0,"pct":46.96},"functions":{"total":17,"covered":9,"skipped":0,"pct":52.94},"statements":{"total":69,"covered":31,"skipped":0,"pct":44.92},"branches":{"total":23,"covered":6,"skipped":0,"pct":26.08}}
,"/Users/pmontu01/Documents/Enterprise/enterprise-react-native/src/managers/EmStorage.ts": {"lines":{"total":12,"covered":12,"skipped":0,"pct":100},"functions":{"total":8,"covered":8,"skipped":0,"pct":100},"statements":{"total":12,"covered":12,"skipped":0,"pct":100},"branches":{"total":7,"covered":7,"skipped":0,"pct":100}}
,"/Users/pmontu01/Documents/Enterprise/enterprise-react-native/src/managers/GeofenceLocation.ts": {"lines":{"total":30,"covered":17,"skipped":0,"pct":56.66},"functions":{"total":11,"covered":7,"skipped":0,"pct":63.63},"statements":{"total":30,"covered":17,"skipped":0,"pct":56.66},"branches":{"total":8,"covered":2,"skipped":0,"pct":25}}
,"/Users/pmontu01/Documents/Enterprise/enterprise-react-native/src/managers/LocalizedText.ts": {"lines":{"total":56,"covered":49,"skipped":0,"pct":87.5},"functions":{"total":8,"covered":7,"skipped":0,"pct":87.5},"statements":{"total":56,"covered":49,"skipped":0,"pct":87.5},"branches":{"total":19,"covered":16,"skipped":0,"pct":84.21}}
,"/Users/pmontu01/Documents/Enterprise/enterprise-react-native/src/managers/Navigation.ts": {"lines":{"total":13,"covered":9,"skipped":0,"pct":69.23},"functions":{"total":9,"covered":7,"skipped":0,"pct":77.77},"statements":{"total":13,"covered":9,"skipped":0,"pct":69.23},"branches":{"total":6,"covered":2,"skipped":0,"pct":33.33}}
,"/Users/pmontu01/Documents/Enterprise/enterprise-react-native/src/managers/ReCaptcha.ts": {"lines":{"total":28,"covered":28,"skipped":0,"pct":100},"functions":{"total":4,"covered":4,"skipped":0,"pct":100},"statements":{"total":28,"covered":28,"skipped":0,"pct":100},"branches":{"total":16,"covered":16,"skipped":0,"pct":100}}
,"/Users/pmontu01/Documents/Enterprise/enterprise-react-native/src/managers/SessionReplay.ts": {"lines":{"total":43,"covered":17,"skipped":0,"pct":39.53},"functions":{"total":12,"covered":7,"skipped":0,"pct":58.33},"statements":{"total":45,"covered":19,"skipped":0,"pct":42.22},"branches":{"total":24,"covered":7,"skipped":0,"pct":29.16}}
,"/Users/pmontu01/Documents/Enterprise/enterprise-react-native/src/managers/Survey.ts": {"lines":{"total":46,"covered":32,"skipped":0,"pct":69.56},"functions":{"total":20,"covered":12,"skipped":0,"pct":60},"statements":{"total":46,"covered":32,"skipped":0,"pct":69.56},"branches":{"total":11,"covered":8,"skipped":0,"pct":72.72}}
,"/Users/pmontu01/Documents/Enterprise/enterprise-react-native/src/managers/ThemeProvider.tsx": {"lines":{"total":8,"covered":7,"skipped":0,"pct":87.5},"functions":{"total":4,"covered":2,"skipped":0,"pct":50},"statements":{"total":8,"covered":7,"skipped":0,"pct":87.5},"branches":{"total":2,"covered":1,"skipped":0,"pct":50}}
,"/Users/pmontu01/Documents/Enterprise/enterprise-react-native/src/managers/analytics/FirebaseAnalytics.ts": {"lines":{"total":10,"covered":2,"skipped":0,"pct":20},"functions":{"total":3,"covered":0,"skipped":0,"pct":0},"statements":{"total":10,"covered":2,"skipped":0,"pct":20},"branches":{"total":2,"covered":0,"skipped":0,"pct":0}}
,"/Users/pmontu01/Documents/Enterprise/enterprise-react-native/src/managers/analytics/index.ts": {"lines":{"total":0,"covered":0,"skipped":0,"pct":100},"functions":{"total":0,"covered":0,"skipped":0,"pct":100},"statements":{"total":0,"covered":0,"skipped":0,"pct":100},"branches":{"total":0,"covered":0,"skipped":0,"pct":100}}
,"/Users/pmontu01/Documents/Enterprise/enterprise-react-native/src/managers/analytics/adobe/AdobeAnalytics.ts": {"lines":{"total":185,"covered":136,"skipped":0,"pct":73.51},"functions":{"total":37,"covered":32,"skipped":0,"pct":86.48},"statements":{"total":190,"covered":139,"skipped":0,"pct":73.15},"branches":{"total":108,"covered":63,"skipped":0,"pct":58.33}}
,"/Users/pmontu01/Documents/Enterprise/enterprise-react-native/src/managers/analytics/adobe/AnalyticsConstants.ts": {"lines":{"total":7,"covered":7,"skipped":0,"pct":100},"functions":{"total":0,"covered":0,"skipped":0,"pct":100},"statements":{"total":7,"covered":7,"skipped":0,"pct":100},"branches":{"total":0,"covered":0,"skipped":0,"pct":100}}
,"/Users/pmontu01/Documents/Enterprise/enterprise-react-native/src/managers/analytics/adobe/AnalyticsHelper.ts": {"lines":{"total":22,"covered":22,"skipped":0,"pct":100},"functions":{"total":10,"covered":10,"skipped":0,"pct":100},"statements":{"total":25,"covered":25,"skipped":0,"pct":100},"branches":{"total":23,"covered":23,"skipped":0,"pct":100}}
,"/Users/pmontu01/Documents/Enterprise/enterprise-react-native/src/managers/analytics/adobe/contexts/BaseContext.ts": {"lines":{"total":1,"covered":1,"skipped":0,"pct":100},"functions":{"total":0,"covered":0,"skipped":0,"pct":100},"statements":{"total":1,"covered":1,"skipped":0,"pct":100},"branches":{"total":0,"covered":0,"skipped":0,"pct":100}}
,"/Users/pmontu01/Documents/Enterprise/enterprise-react-native/src/managers/analytics/adobe/contexts/CarContext.ts": {"lines":{"total":1,"covered":1,"skipped":0,"pct":100},"functions":{"total":0,"covered":0,"skipped":0,"pct":100},"statements":{"total":1,"covered":1,"skipped":0,"pct":100},"branches":{"total":0,"covered":0,"skipped":0,"pct":100}}
,"/Users/pmontu01/Documents/Enterprise/enterprise-react-native/src/managers/analytics/adobe/contexts/CheckinContext.ts": {"lines":{"total":1,"covered":1,"skipped":0,"pct":100},"functions":{"total":0,"covered":0,"skipped":0,"pct":100},"statements":{"total":1,"covered":1,"skipped":0,"pct":100},"branches":{"total":0,"covered":0,"skipped":0,"pct":100}}
,"/Users/pmontu01/Documents/Enterprise/enterprise-react-native/src/managers/analytics/adobe/contexts/EnrollmentContext.ts": {"lines":{"total":1,"covered":1,"skipped":0,"pct":100},"functions":{"total":0,"covered":0,"skipped":0,"pct":100},"statements":{"total":1,"covered":1,"skipped":0,"pct":100},"branches":{"total":0,"covered":0,"skipped":0,"pct":100}}
,"/Users/pmontu01/Documents/Enterprise/enterprise-react-native/src/managers/analytics/adobe/contexts/ErrorContext.ts": {"lines":{"total":1,"covered":1,"skipped":0,"pct":100},"functions":{"total":0,"covered":0,"skipped":0,"pct":100},"statements":{"total":1,"covered":1,"skipped":0,"pct":100},"branches":{"total":0,"covered":0,"skipped":0,"pct":100}}
,"/Users/pmontu01/Documents/Enterprise/enterprise-react-native/src/managers/analytics/adobe/contexts/FrictionlessContext.ts": {"lines":{"total":1,"covered":1,"skipped":0,"pct":100},"functions":{"total":0,"covered":0,"skipped":0,"pct":100},"statements":{"total":1,"covered":1,"skipped":0,"pct":100},"branches":{"total":0,"covered":0,"skipped":0,"pct":100}}
,"/Users/pmontu01/Documents/Enterprise/enterprise-react-native/src/managers/analytics/adobe/contexts/LocationContext.ts": {"lines":{"total":1,"covered":1,"skipped":0,"pct":100},"functions":{"total":0,"covered":0,"skipped":0,"pct":100},"statements":{"total":1,"covered":1,"skipped":0,"pct":100},"branches":{"total":0,"covered":0,"skipped":0,"pct":100}}
,"/Users/pmontu01/Documents/Enterprise/enterprise-react-native/src/managers/analytics/adobe/contexts/NetworkContext.ts": {"lines":{"total":1,"covered":1,"skipped":0,"pct":100},"functions":{"total":0,"covered":0,"skipped":0,"pct":100},"statements":{"total":1,"covered":1,"skipped":0,"pct":100},"branches":{"total":0,"covered":0,"skipped":0,"pct":100}}
,"/Users/pmontu01/Documents/Enterprise/enterprise-react-native/src/managers/analytics/adobe/contexts/ReservationContext.ts": {"lines":{"total":1,"covered":1,"skipped":0,"pct":100},"functions":{"total":0,"covered":0,"skipped":0,"pct":100},"statements":{"total":1,"covered":1,"skipped":0,"pct":100},"branches":{"total":0,"covered":0,"skipped":0,"pct":100}}
,"/Users/pmontu01/Documents/Enterprise/enterprise-react-native/src/managers/analytics/adobe/contexts/SignInContext.ts": {"lines":{"total":1,"covered":1,"skipped":0,"pct":100},"functions":{"total":0,"covered":0,"skipped":0,"pct":100},"statements":{"total":1,"covered":1,"skipped":0,"pct":100},"branches":{"total":0,"covered":0,"skipped":0,"pct":100}}
,"/Users/pmontu01/Documents/Enterprise/enterprise-react-native/src/managers/analytics/adobe/contexts/UserContext.ts": {"lines":{"total":1,"covered":1,"skipped":0,"pct":100},"functions":{"total":0,"covered":0,"skipped":0,"pct":100},"statements":{"total":1,"covered":1,"skipped":0,"pct":100},"branches":{"total":0,"covered":0,"skipped":0,"pct":100}}
,"/Users/pmontu01/Documents/Enterprise/enterprise-react-native/src/managers/analytics/adobe/contexts/index.ts": {"lines":{"total":0,"covered":0,"skipped":0,"pct":100},"functions":{"total":0,"covered":0,"skipped":0,"pct":100},"statements":{"total":0,"covered":0,"skipped":0,"pct":100},"branches":{"total":0,"covered":0,"skipped":0,"pct":100}}
,"/Users/pmontu01/Documents/Enterprise/enterprise-react-native/src/managers/oneTrust/OneTrust.ts": {"lines":{"total":69,"covered":68,"skipped":0,"pct":98.55},"functions":{"total":23,"covered":22,"skipped":0,"pct":95.65},"statements":{"total":72,"covered":71,"skipped":0,"pct":98.61},"branches":{"total":17,"covered":16,"skipped":0,"pct":94.11}}
,"/Users/pmontu01/Documents/Enterprise/enterprise-react-native/src/managers/oneTrust/constants.ts": {"lines":{"total":3,"covered":3,"skipped":0,"pct":100},"functions":{"total":0,"covered":0,"skipped":0,"pct":100},"statements":{"total":3,"covered":3,"skipped":0,"pct":100},"branches":{"total":0,"covered":0,"skipped":0,"pct":100}}
,"/Users/pmontu01/Documents/Enterprise/enterprise-react-native/src/managers/oneTrust/index.ts": {"lines":{"total":0,"covered":0,"skipped":0,"pct":100},"functions":{"total":0,"covered":0,"skipped":0,"pct":100},"statements":{"total":0,"covered":0,"skipped":0,"pct":100},"branches":{"total":0,"covered":0,"skipped":0,"pct":100}}
,"/Users/pmontu01/Documents/Enterprise/enterprise-react-native/src/managers/oneTrust/types.ts": {"lines":{"total":0,"covered":0,"skipped":0,"pct":100},"functions":{"total":0,"covered":0,"skipped":0,"pct":100},"statements":{"total":0,"covered":0,"skipped":0,"pct":100},"branches":{"total":0,"covered":0,"skipped":0,"pct":100}}
,"/Users/pmontu01/Documents/Enterprise/enterprise-react-native/src/managers/oneTrust/utils.ts": {"lines":{"total":19,"covered":19,"skipped":0,"pct":100},"functions":{"total":7,"covered":7,"skipped":0,"pct":100},"statements":{"total":20,"covered":20,"skipped":0,"pct":100},"branches":{"total":16,"covered":15,"skipped":0,"pct":93.75}}
,"/Users/pmontu01/Documents/Enterprise/enterprise-react-native/src/state/createSlice.ts": {"lines":{"total":10,"covered":9,"skipped":0,"pct":90},"functions":{"total":4,"covered":4,"skipped":0,"pct":100},"statements":{"total":10,"covered":9,"skipped":0,"pct":90},"branches":{"total":2,"covered":1,"skipped":0,"pct":50}}
,"/Users/pmontu01/Documents/Enterprise/enterprise-react-native/src/state/key.ts": {"lines":{"total":2,"covered":2,"skipped":0,"pct":100},"functions":{"total":1,"covered":1,"skipped":0,"pct":100},"statements":{"total":2,"covered":2,"skipped":0,"pct":100},"branches":{"total":0,"covered":0,"skipped":0,"pct":100}}
,"/Users/pmontu01/Documents/Enterprise/enterprise-react-native/src/state/types.ts": {"lines":{"total":0,"covered":0,"skipped":0,"pct":100},"functions":{"total":0,"covered":0,"skipped":0,"pct":100},"statements":{"total":0,"covered":0,"skipped":0,"pct":100},"branches":{"total":0,"covered":0,"skipped":0,"pct":100}}
,"/Users/pmontu01/Documents/Enterprise/enterprise-react-native/src/state/@ehi/global-marketing-interface/index.d.ts": {"lines":{"total":0,"covered":0,"skipped":0,"pct":100},"functions":{"total":0,"covered":0,"skipped":0,"pct":100},"statements":{"total":0,"covered":0,"skipped":0,"pct":100},"branches":{"total":0,"covered":0,"skipped":0,"pct":100}}
,"/Users/pmontu01/Documents/Enterprise/enterprise-react-native/src/state/app/index.ts": {"lines":{"total":1,"covered":0,"skipped":0,"pct":0},"functions":{"total":0,"covered":0,"skipped":0,"pct":100},"statements":{"total":1,"covered":0,"skipped":0,"pct":0},"branches":{"total":2,"covered":0,"skipped":0,"pct":0}}
,"/Users/pmontu01/Documents/Enterprise/enterprise-react-native/src/state/app/actions/cleaning.actions.ts": {"lines":{"total":24,"covered":0,"skipped":0,"pct":0},"functions":{"total":3,"covered":0,"skipped":0,"pct":0},"statements":{"total":24,"covered":0,"skipped":0,"pct":0},"branches":{"total":0,"covered":0,"skipped":0,"pct":100}}
,"/Users/pmontu01/Documents/Enterprise/enterprise-react-native/src/state/app/actions/commit.actions.ts": {"lines":{"total":22,"covered":8,"skipped":0,"pct":36.36},"functions":{"total":7,"covered":0,"skipped":0,"pct":0},"statements":{"total":22,"covered":8,"skipped":0,"pct":36.36},"branches":{"total":0,"covered":0,"skipped":0,"pct":100}}
,"/Users/pmontu01/Documents/Enterprise/enterprise-react-native/src/state/app/actions/confirmModify.actions.ts": {"lines":{"total":4,"covered":0,"skipped":0,"pct":0},"functions":{"total":1,"covered":0,"skipped":0,"pct":0},"statements":{"total":4,"covered":0,"skipped":0,"pct":0},"branches":{"total":0,"covered":0,"skipped":0,"pct":100}}
,"/Users/pmontu01/Documents/Enterprise/enterprise-react-native/src/state/app/actions/filters.actions.ts": {"lines":{"total":33,"covered":11,"skipped":0,"pct":33.33},"functions":{"total":12,"covered":0,"skipped":0,"pct":0},"statements":{"total":33,"covered":11,"skipped":0,"pct":33.33},"branches":{"total":8,"covered":0,"skipped":0,"pct":0}}
,"/Users/pmontu01/Documents/Enterprise/enterprise-react-native/src/state/app/actions/payment.actions.ts": {"lines":{"total":3,"covered":1,"skipped":0,"pct":33.33},"functions":{"total":1,"covered":0,"skipped":0,"pct":0},"statements":{"total":3,"covered":1,"skipped":0,"pct":33.33},"branches":{"total":0,"covered":0,"skipped":0,"pct":100}}
,"/Users/pmontu01/Documents/Enterprise/enterprise-react-native/src/state/app/actions/reservation.actions.ts": {"lines":{"total":147,"covered":90,"skipped":0,"pct":61.22},"functions":{"total":47,"covered":21,"skipped":0,"pct":44.68},"statements":{"total":147,"covered":90,"skipped":0,"pct":61.22},"branches":{"total":6,"covered":0,"skipped":0,"pct":0}}
,"/Users/pmontu01/Documents/Enterprise/enterprise-react-native/src/state/app/actions/session.actions.ts": {"lines":{"total":2,"covered":0,"skipped":0,"pct":0},"functions":{"total":1,"covered":0,"skipped":0,"pct":0},"statements":{"total":2,"covered":0,"skipped":0,"pct":0},"branches":{"total":0,"covered":0,"skipped":0,"pct":100}}
,"/Users/pmontu01/Documents/Enterprise/enterprise-react-native/src/state/app/actions/solr.actions.ts": {"lines":{"total":3,"covered":1,"skipped":0,"pct":33.33},"functions":{"total":1,"covered":0,"skipped":0,"pct":0},"statements":{"total":3,"covered":1,"skipped":0,"pct":33.33},"branches":{"total":0,"covered":0,"skipped":0,"pct":100}}
,"/Users/pmontu01/Documents/Enterprise/enterprise-react-native/src/state/app/actions/trips.actions.ts": {"lines":{"total":2,"covered":0,"skipped":0,"pct":0},"functions":{"total":1,"covered":0,"skipped":0,"pct":0},"statements":{"total":2,"covered":0,"skipped":0,"pct":0},"branches":{"total":0,"covered":0,"skipped":0,"pct":100}}
,"/Users/pmontu01/Documents/Enterprise/enterprise-react-native/src/state/app/actions/vehiclefilter.actions.ts": {"lines":{"total":24,"covered":13,"skipped":0,"pct":54.16},"functions":{"total":8,"covered":5,"skipped":0,"pct":62.5},"statements":{"total":24,"covered":13,"skipped":0,"pct":54.16},"branches":{"total":2,"covered":1,"skipped":0,"pct":50}}
,"/Users/pmontu01/Documents/Enterprise/enterprise-react-native/src/state/app/selectors/app.selectors.ts": {"lines":{"total":77,"covered":39,"skipped":0,"pct":50.64},"functions":{"total":42,"covered":5,"skipped":0,"pct":11.9},"statements":{"total":77,"covered":39,"skipped":0,"pct":50.64},"branches":{"total":8,"covered":3,"skipped":0,"pct":37.5}}
,"/Users/pmontu01/Documents/Enterprise/enterprise-react-native/src/state/app/selectors/commit.selectors.ts": {"lines":{"total":6,"covered":3,"skipped":0,"pct":50},"functions":{"total":3,"covered":0,"skipped":0,"pct":0},"statements":{"total":6,"covered":3,"skipped":0,"pct":50},"branches":{"total":0,"covered":0,"skipped":0,"pct":100}}
,"/Users/pmontu01/Documents/Enterprise/enterprise-react-native/src/state/app/selectors/filters.selectors.ts": {"lines":{"total":51,"covered":8,"skipped":0,"pct":15.68},"functions":{"total":20,"covered":0,"skipped":0,"pct":0},"statements":{"total":53,"covered":8,"skipped":0,"pct":15.09},"branches":{"total":18,"covered":0,"skipped":0,"pct":0}}
,"/Users/pmontu01/Documents/Enterprise/enterprise-react-native/src/state/app/selectors/gmaCheckIn.selectors.ts": {"lines":{"total":111,"covered":29,"skipped":0,"pct":26.12},"functions":{"total":47,"covered":0,"skipped":0,"pct":0},"statements":{"total":114,"covered":29,"skipped":0,"pct":25.43},"branches":{"total":36,"covered":0,"skipped":0,"pct":0}}
,"/Users/pmontu01/Documents/Enterprise/enterprise-react-native/src/state/app/selectors/gmaContent.selectors.ts": {"lines":{"total":196,"covered":70,"skipped":0,"pct":35.71},"functions":{"total":82,"covered":15,"skipped":0,"pct":18.29},"statements":{"total":199,"covered":70,"skipped":0,"pct":35.17},"branches":{"total":44,"covered":4,"skipped":0,"pct":9.09}}
,"/Users/pmontu01/Documents/Enterprise/enterprise-react-native/src/state/app/selectors/gmaContract.selectors.ts": {"lines":{"total":52,"covered":8,"skipped":0,"pct":15.38},"functions":{"total":15,"covered":0,"skipped":0,"pct":0},"statements":{"total":53,"covered":8,"skipped":0,"pct":15.09},"branches":{"total":14,"covered":0,"skipped":0,"pct":0}}
,"/Users/pmontu01/Documents/Enterprise/enterprise-react-native/src/state/app/selectors/gmaFetching.selectors.ts": {"lines":{"total":14,"covered":8,"skipped":0,"pct":57.14},"functions":{"total":7,"covered":1,"skipped":0,"pct":14.28},"statements":{"total":15,"covered":8,"skipped":0,"pct":53.33},"branches":{"total":0,"covered":0,"skipped":0,"pct":100}}
,"/Users/pmontu01/Documents/Enterprise/enterprise-react-native/src/state/app/selectors/gmaSession.selectors.ts": {"lines":{"total":217,"covered":69,"skipped":0,"pct":31.79},"functions":{"total":89,"covered":10,"skipped":0,"pct":11.23},"statements":{"total":223,"covered":70,"skipped":0,"pct":31.39},"branches":{"total":87,"covered":15,"skipped":0,"pct":17.24}}
,"/Users/pmontu01/Documents/Enterprise/enterprise-react-native/src/state/app/selectors/gmaTrips.selectors.ts": {"lines":{"total":128,"covered":53,"skipped":0,"pct":41.4},"functions":{"total":43,"covered":10,"skipped":0,"pct":23.25},"statements":{"total":130,"covered":55,"skipped":0,"pct":42.3},"branches":{"total":71,"covered":9,"skipped":0,"pct":12.67}}
,"/Users/pmontu01/Documents/Enterprise/enterprise-react-native/src/state/app/selectors/gmaUI.selectors.ts": {"lines":{"total":57,"covered":33,"skipped":0,"pct":57.89},"functions":{"total":27,"covered":12,"skipped":0,"pct":44.44},"statements":{"total":57,"covered":33,"skipped":0,"pct":57.89},"branches":{"total":14,"covered":4,"skipped":0,"pct":28.57}}
,"/Users/pmontu01/Documents/Enterprise/enterprise-react-native/src/state/app/selectors/profile.selectors.ts": {"lines":{"total":2,"covered":1,"skipped":0,"pct":50},"functions":{"total":1,"covered":0,"skipped":0,"pct":0},"statements":{"total":2,"covered":1,"skipped":0,"pct":50},"branches":{"total":0,"covered":0,"skipped":0,"pct":100}}
,"/Users/pmontu01/Documents/Enterprise/enterprise-react-native/src/state/app/selectors/reservation.selectors.ts": {"lines":{"total":10,"covered":4,"skipped":0,"pct":40},"functions":{"total":6,"covered":0,"skipped":0,"pct":0},"statements":{"total":10,"covered":4,"skipped":0,"pct":40},"branches":{"total":0,"covered":0,"skipped":0,"pct":100}}
,"/Users/pmontu01/Documents/Enterprise/enterprise-react-native/src/state/app/selectors/solr.selectors.ts": {"lines":{"total":32,"covered":4,"skipped":0,"pct":12.5},"functions":{"total":7,"covered":0,"skipped":0,"pct":0},"statements":{"total":32,"covered":4,"skipped":0,"pct":12.5},"branches":{"total":10,"covered":0,"skipped":0,"pct":0}}
,"/Users/pmontu01/Documents/Enterprise/enterprise-react-native/src/state/app/slices/adobeSlice.ts": {"lines":{"total":4,"covered":3,"skipped":0,"pct":75},"functions":{"total":1,"covered":0,"skipped":0,"pct":0},"statements":{"total":4,"covered":3,"skipped":0,"pct":75},"branches":{"total":0,"covered":0,"skipped":0,"pct":100}}
,"/Users/pmontu01/Documents/Enterprise/enterprise-react-native/src/state/app/slices/airlineFilterSlice.ts": {"lines":{"total":4,"covered":3,"skipped":0,"pct":75},"functions":{"total":1,"covered":0,"skipped":0,"pct":0},"statements":{"total":4,"covered":3,"skipped":0,"pct":75},"branches":{"total":0,"covered":0,"skipped":0,"pct":100}}
,"/Users/pmontu01/Documents/Enterprise/enterprise-react-native/src/state/app/slices/checkIn.ts": {"lines":{"total":8,"covered":3,"skipped":0,"pct":37.5},"functions":{"total":3,"covered":0,"skipped":0,"pct":0},"statements":{"total":8,"covered":3,"skipped":0,"pct":37.5},"branches":{"total":2,"covered":0,"skipped":0,"pct":0}}
,"/Users/pmontu01/Documents/Enterprise/enterprise-react-native/src/state/app/slices/confirmModifySlice.ts": {"lines":{"total":10,"covered":3,"skipped":0,"pct":30},"functions":{"total":7,"covered":0,"skipped":0,"pct":0},"statements":{"total":10,"covered":3,"skipped":0,"pct":30},"branches":{"total":0,"covered":0,"skipped":0,"pct":100}}
,"/Users/pmontu01/Documents/Enterprise/enterprise-react-native/src/state/app/slices/dashboardSlice.ts": {"lines":{"total":5,"covered":3,"skipped":0,"pct":60},"functions":{"total":2,"covered":0,"skipped":0,"pct":0},"statements":{"total":5,"covered":3,"skipped":0,"pct":60},"branches":{"total":0,"covered":0,"skipped":0,"pct":100}}
,"/Users/pmontu01/Documents/Enterprise/enterprise-react-native/src/state/app/slices/deliveryCollectionSlice.ts": {"lines":{"total":6,"covered":3,"skipped":0,"pct":50},"functions":{"total":3,"covered":0,"skipped":0,"pct":0},"statements":{"total":6,"covered":3,"skipped":0,"pct":50},"branches":{"total":0,"covered":0,"skipped":0,"pct":100}}
,"/Users/pmontu01/Documents/Enterprise/enterprise-react-native/src/state/app/slices/extraInfoSlice.ts": {"lines":{"total":5,"covered":3,"skipped":0,"pct":60},"functions":{"total":2,"covered":0,"skipped":0,"pct":0},"statements":{"total":5,"covered":3,"skipped":0,"pct":60},"branches":{"total":0,"covered":0,"skipped":0,"pct":100}}
,"/Users/pmontu01/Documents/Enterprise/enterprise-react-native/src/state/app/slices/localNotificationSlice.ts": {"lines":{"total":7,"covered":6,"skipped":0,"pct":85.71},"functions":{"total":4,"covered":3,"skipped":0,"pct":75},"statements":{"total":7,"covered":6,"skipped":0,"pct":85.71},"branches":{"total":0,"covered":0,"skipped":0,"pct":100}}
,"/Users/pmontu01/Documents/Enterprise/enterprise-react-native/src/state/app/slices/locationExchangeTypeSlice.ts": {"lines":{"total":4,"covered":3,"skipped":0,"pct":75},"functions":{"total":1,"covered":0,"skipped":0,"pct":0},"statements":{"total":4,"covered":3,"skipped":0,"pct":75},"branches":{"total":0,"covered":0,"skipped":0,"pct":100}}
,"/Users/pmontu01/Documents/Enterprise/enterprise-react-native/src/state/app/slices/locationSlice.ts": {"lines":{"total":6,"covered":3,"skipped":0,"pct":50},"functions":{"total":3,"covered":0,"skipped":0,"pct":0},"statements":{"total":6,"covered":3,"skipped":0,"pct":50},"branches":{"total":0,"covered":0,"skipped":0,"pct":100}}
,"/Users/pmontu01/Documents/Enterprise/enterprise-react-native/src/state/app/slices/map.ts": {"lines":{"total":4,"covered":3,"skipped":0,"pct":75},"functions":{"total":1,"covered":0,"skipped":0,"pct":0},"statements":{"total":4,"covered":3,"skipped":0,"pct":75},"branches":{"total":0,"covered":0,"skipped":0,"pct":100}}
,"/Users/pmontu01/Documents/Enterprise/enterprise-react-native/src/state/app/slices/missingExtrasSlice.ts": {"lines":{"total":4,"covered":3,"skipped":0,"pct":75},"functions":{"total":1,"covered":0,"skipped":0,"pct":0},"statements":{"total":4,"covered":3,"skipped":0,"pct":75},"branches":{"total":0,"covered":0,"skipped":0,"pct":100}}
,"/Users/pmontu01/Documents/Enterprise/enterprise-react-native/src/state/app/slices/modalSlice.ts": {"lines":{"total":18,"covered":18,"skipped":0,"pct":100},"functions":{"total":5,"covered":5,"skipped":0,"pct":100},"statements":{"total":18,"covered":18,"skipped":0,"pct":100},"branches":{"total":4,"covered":4,"skipped":0,"pct":100}}
,"/Users/pmontu01/Documents/Enterprise/enterprise-react-native/src/state/app/slices/passengerTermsSlice.ts": {"lines":{"total":5,"covered":3,"skipped":0,"pct":60},"functions":{"total":2,"covered":0,"skipped":0,"pct":0},"statements":{"total":5,"covered":3,"skipped":0,"pct":60},"branches":{"total":0,"covered":0,"skipped":0,"pct":100}}
,"/Users/pmontu01/Documents/Enterprise/enterprise-react-native/src/state/app/slices/phoneNumberSlice.ts": {"lines":{"total":5,"covered":0,"skipped":0,"pct":0},"functions":{"total":2,"covered":0,"skipped":0,"pct":0},"statements":{"total":5,"covered":0,"skipped":0,"pct":0},"branches":{"total":0,"covered":0,"skipped":0,"pct":100}}
,"/Users/pmontu01/Documents/Enterprise/enterprise-react-native/src/state/app/slices/profileTimeoutSlice.ts": {"lines":{"total":5,"covered":3,"skipped":0,"pct":60},"functions":{"total":2,"covered":0,"skipped":0,"pct":0},"statements":{"total":5,"covered":3,"skipped":0,"pct":60},"branches":{"total":0,"covered":0,"skipped":0,"pct":100}}
,"/Users/pmontu01/Documents/Enterprise/enterprise-react-native/src/state/app/slices/reducers.ts": {"lines":{"total":1,"covered":0,"skipped":0,"pct":0},"functions":{"total":0,"covered":0,"skipped":0,"pct":100},"statements":{"total":1,"covered":0,"skipped":0,"pct":0},"branches":{"total":0,"covered":0,"skipped":0,"pct":100}}
,"/Users/pmontu01/Documents/Enterprise/enterprise-react-native/src/state/app/slices/reservationHeaderSlice.ts": {"lines":{"total":5,"covered":3,"skipped":0,"pct":60},"functions":{"total":2,"covered":0,"skipped":0,"pct":0},"statements":{"total":5,"covered":3,"skipped":0,"pct":60},"branches":{"total":0,"covered":0,"skipped":0,"pct":100}}
,"/Users/pmontu01/Documents/Enterprise/enterprise-react-native/src/state/app/slices/reservationSlice.ts": {"lines":{"total":10,"covered":4,"skipped":0,"pct":40},"functions":{"total":7,"covered":1,"skipped":0,"pct":14.28},"statements":{"total":10,"covered":4,"skipped":0,"pct":40},"branches":{"total":0,"covered":0,"skipped":0,"pct":100}}
,"/Users/pmontu01/Documents/Enterprise/enterprise-react-native/src/state/app/slices/toastSlice.ts": {"lines":{"total":16,"covered":16,"skipped":0,"pct":100},"functions":{"total":5,"covered":5,"skipped":0,"pct":100},"statements":{"total":16,"covered":16,"skipped":0,"pct":100},"branches":{"total":4,"covered":4,"skipped":0,"pct":100}}
,"/Users/pmontu01/Documents/Enterprise/enterprise-react-native/src/state/app/slices/vehicleSlice.ts": {"lines":{"total":4,"covered":3,"skipped":0,"pct":75},"functions":{"total":1,"covered":0,"skipped":0,"pct":0},"statements":{"total":4,"covered":3,"skipped":0,"pct":75},"branches":{"total":0,"covered":0,"skipped":0,"pct":100}}
,"/Users/pmontu01/Documents/Enterprise/enterprise-react-native/src/state/app/states/initialAppState.ts": {"lines":{"total":1,"covered":1,"skipped":0,"pct":100},"functions":{"total":0,"covered":0,"skipped":0,"pct":100},"statements":{"total":1,"covered":1,"skipped":0,"pct":100},"branches":{"total":0,"covered":0,"skipped":0,"pct":100}}
,"/Users/pmontu01/Documents/Enterprise/enterprise-react-native/src/state/constants/index.ts": {"lines":{"total":3,"covered":3,"skipped":0,"pct":100},"functions":{"total":0,"covered":0,"skipped":0,"pct":100},"statements":{"total":3,"covered":3,"skipped":0,"pct":100},"branches":{"total":0,"covered":0,"skipped":0,"pct":100}}
,"/Users/pmontu01/Documents/Enterprise/enterprise-react-native/src/themes/colors.ts": {"lines":{"total":3,"covered":3,"skipped":0,"pct":100},"functions":{"total":0,"covered":0,"skipped":0,"pct":100},"statements":{"total":3,"covered":3,"skipped":0,"pct":100},"branches":{"total":0,"covered":0,"skipped":0,"pct":100}}
,"/Users/pmontu01/Documents/Enterprise/enterprise-react-native/src/themes/componentStyle.ts": {"lines":{"total":9,"covered":9,"skipped":0,"pct":100},"functions":{"total":0,"covered":0,"skipped":0,"pct":100},"statements":{"total":9,"covered":9,"skipped":0,"pct":100},"branches":{"total":0,"covered":0,"skipped":0,"pct":100}}
,"/Users/pmontu01/Documents/Enterprise/enterprise-react-native/src/themes/index.ts": {"lines":{"total":0,"covered":0,"skipped":0,"pct":100},"functions":{"total":0,"covered":0,"skipped":0,"pct":100},"statements":{"total":0,"covered":0,"skipped":0,"pct":100},"branches":{"total":0,"covered":0,"skipped":0,"pct":100}}
,"/Users/pmontu01/Documents/Enterprise/enterprise-react-native/src/themes/sizes.ts": {"lines":{"total":2,"covered":2,"skipped":0,"pct":100},"functions":{"total":0,"covered":0,"skipped":0,"pct":100},"statements":{"total":2,"covered":2,"skipped":0,"pct":100},"branches":{"total":0,"covered":0,"skipped":0,"pct":100}}
,"/Users/pmontu01/Documents/Enterprise/enterprise-react-native/src/themes/spacings.ts": {"lines":{"total":2,"covered":2,"skipped":0,"pct":100},"functions":{"total":0,"covered":0,"skipped":0,"pct":100},"statements":{"total":2,"covered":2,"skipped":0,"pct":100},"branches":{"total":0,"covered":0,"skipped":0,"pct":100}}
,"/Users/pmontu01/Documents/Enterprise/enterprise-react-native/src/themes/strokes.ts": {"lines":{"total":2,"covered":2,"skipped":0,"pct":100},"functions":{"total":0,"covered":0,"skipped":0,"pct":100},"statements":{"total":2,"covered":2,"skipped":0,"pct":100},"branches":{"total":0,"covered":0,"skipped":0,"pct":100}}
,"/Users/pmontu01/Documents/Enterprise/enterprise-react-native/src/themes/theme/darkTheme.ts": {"lines":{"total":1,"covered":1,"skipped":0,"pct":100},"functions":{"total":0,"covered":0,"skipped":0,"pct":100},"statements":{"total":1,"covered":1,"skipped":0,"pct":100},"branches":{"total":0,"covered":0,"skipped":0,"pct":100}}
,"/Users/pmontu01/Documents/Enterprise/enterprise-react-native/src/themes/theme/lightTheme.ts": {"lines":{"total":1,"covered":1,"skipped":0,"pct":100},"functions":{"total":0,"covered":0,"skipped":0,"pct":100},"statements":{"total":1,"covered":1,"skipped":0,"pct":100},"branches":{"total":0,"covered":0,"skipped":0,"pct":100}}
,"/Users/pmontu01/Documents/Enterprise/enterprise-react-native/src/types/driversLicenseScanner.ts": {"lines":{"total":2,"covered":2,"skipped":0,"pct":100},"functions":{"total":0,"covered":0,"skipped":0,"pct":100},"statements":{"total":2,"covered":2,"skipped":0,"pct":100},"branches":{"total":0,"covered":0,"skipped":0,"pct":100}}
,"/Users/pmontu01/Documents/Enterprise/enterprise-react-native/src/types/error.ts": {"lines":{"total":5,"covered":5,"skipped":0,"pct":100},"functions":{"total":0,"covered":0,"skipped":0,"pct":100},"statements":{"total":5,"covered":5,"skipped":0,"pct":100},"branches":{"total":0,"covered":0,"skipped":0,"pct":100}}
,"/Users/pmontu01/Documents/Enterprise/enterprise-react-native/src/types/function.ts": {"lines":{"total":0,"covered":0,"skipped":0,"pct":100},"functions":{"total":0,"covered":0,"skipped":0,"pct":100},"statements":{"total":0,"covered":0,"skipped":0,"pct":100},"branches":{"total":0,"covered":0,"skipped":0,"pct":100}}
,"/Users/pmontu01/Documents/Enterprise/enterprise-react-native/src/types/image.d.ts": {"lines":{"total":0,"covered":0,"skipped":0,"pct":100},"functions":{"total":0,"covered":0,"skipped":0,"pct":100},"statements":{"total":0,"covered":0,"skipped":0,"pct":100},"branches":{"total":0,"covered":0,"skipped":0,"pct":100}}
,"/Users/pmontu01/Documents/Enterprise/enterprise-react-native/src/types/location.ts": {"lines":{"total":1,"covered":1,"skipped":0,"pct":100},"functions":{"total":0,"covered":0,"skipped":0,"pct":100},"statements":{"total":1,"covered":1,"skipped":0,"pct":100},"branches":{"total":0,"covered":0,"skipped":0,"pct":100}}
,"/Users/pmontu01/Documents/Enterprise/enterprise-react-native/src/types/navigation.ts": {"lines":{"total":0,"covered":0,"skipped":0,"pct":100},"functions":{"total":0,"covered":0,"skipped":0,"pct":100},"statements":{"total":0,"covered":0,"skipped":0,"pct":100},"branches":{"total":0,"covered":0,"skipped":0,"pct":100}}
,"/Users/pmontu01/Documents/Enterprise/enterprise-react-native/src/types/png.d.ts": {"lines":{"total":0,"covered":0,"skipped":0,"pct":100},"functions":{"total":0,"covered":0,"skipped":0,"pct":100},"statements":{"total":0,"covered":0,"skipped":0,"pct":100},"branches":{"total":0,"covered":0,"skipped":0,"pct":100}}
,"/Users/pmontu01/Documents/Enterprise/enterprise-react-native/src/types/process.d.ts": {"lines":{"total":0,"covered":0,"skipped":0,"pct":100},"functions":{"total":0,"covered":0,"skipped":0,"pct":100},"statements":{"total":0,"covered":0,"skipped":0,"pct":100},"branches":{"total":0,"covered":0,"skipped":0,"pct":100}}
,"/Users/pmontu01/Documents/Enterprise/enterprise-react-native/src/types/profile.ts": {"lines":{"total":0,"covered":0,"skipped":0,"pct":100},"functions":{"total":0,"covered":0,"skipped":0,"pct":100},"statements":{"total":0,"covered":0,"skipped":0,"pct":100},"branches":{"total":0,"covered":0,"skipped":0,"pct":100}}
,"/Users/pmontu01/Documents/Enterprise/enterprise-react-native/src/types/react-native-performance-monitor.d.ts": {"lines":{"total":0,"covered":0,"skipped":0,"pct":100},"functions":{"total":0,"covered":0,"skipped":0,"pct":100},"statements":{"total":0,"covered":0,"skipped":0,"pct":100},"branches":{"total":0,"covered":0,"skipped":0,"pct":100}}
,"/Users/pmontu01/Documents/Enterprise/enterprise-react-native/src/types/reservation.ts": {"lines":{"total":0,"covered":0,"skipped":0,"pct":100},"functions":{"total":0,"covered":0,"skipped":0,"pct":100},"statements":{"total":0,"covered":0,"skipped":0,"pct":100},"branches":{"total":0,"covered":0,"skipped":0,"pct":100}}
,"/Users/pmontu01/Documents/Enterprise/enterprise-react-native/src/types/svg.d.ts": {"lines":{"total":0,"covered":0,"skipped":0,"pct":100},"functions":{"total":0,"covered":0,"skipped":0,"pct":100},"statements":{"total":0,"covered":0,"skipped":0,"pct":100},"branches":{"total":0,"covered":0,"skipped":0,"pct":100}}
,"/Users/pmontu01/Documents/Enterprise/enterprise-react-native/src/ui/components/index.ts": {"lines":{"total":0,"covered":0,"skipped":0,"pct":100},"functions":{"total":0,"covered":0,"skipped":0,"pct":100},"statements":{"total":0,"covered":0,"skipped":0,"pct":100},"branches":{"total":0,"covered":0,"skipped":0,"pct":100}}
,"/Users/pmontu01/Documents/Enterprise/enterprise-react-native/src/ui/components/AboutRentalFooter/AboutRentalFooter.tsx": {"lines":{"total":1,"covered":1,"skipped":0,"pct":100},"functions":{"total":1,"covered":1,"skipped":0,"pct":100},"statements":{"total":1,"covered":1,"skipped":0,"pct":100},"branches":{"total":2,"covered":2,"skipped":0,"pct":100}}
,"/Users/pmontu01/Documents/Enterprise/enterprise-react-native/src/ui/components/AboutRentalFooter/aboutRentalFooterProps.ts": {"lines":{"total":2,"covered":2,"skipped":0,"pct":100},"functions":{"total":0,"covered":0,"skipped":0,"pct":100},"statements":{"total":2,"covered":2,"skipped":0,"pct":100},"branches":{"total":0,"covered":0,"skipped":0,"pct":100}}
,"/Users/pmontu01/Documents/Enterprise/enterprise-react-native/src/ui/components/ActiveRental/ActiveRental.tsx": {"lines":{"total":3,"covered":3,"skipped":0,"pct":100},"functions":{"total":1,"covered":1,"skipped":0,"pct":100},"statements":{"total":3,"covered":3,"skipped":0,"pct":100},"branches":{"total":6,"covered":6,"skipped":0,"pct":100}}
,"/Users/pmontu01/Documents/Enterprise/enterprise-react-native/src/ui/components/ActiveRental/ActiveRentalInfo.tsx": {"lines":{"total":1,"covered":1,"skipped":0,"pct":100},"functions":{"total":1,"covered":1,"skipped":0,"pct":100},"statements":{"total":1,"covered":1,"skipped":0,"pct":100},"branches":{"total":2,"covered":2,"skipped":0,"pct":100}}
,"/Users/pmontu01/Documents/Enterprise/enterprise-react-native/src/ui/components/ActiveRental/activeRentalProps.ts": {"lines":{"total":4,"covered":4,"skipped":0,"pct":100},"functions":{"total":0,"covered":0,"skipped":0,"pct":100},"statements":{"total":4,"covered":4,"skipped":0,"pct":100},"branches":{"total":0,"covered":0,"skipped":0,"pct":100}}
,"/Users/pmontu01/Documents/Enterprise/enterprise-react-native/src/ui/components/ActiveRental/useActiveRental.ts": {"lines":{"total":57,"covered":51,"skipped":0,"pct":89.47},"functions":{"total":11,"covered":10,"skipped":0,"pct":90.9},"statements":{"total":57,"covered":51,"skipped":0,"pct":89.47},"branches":{"total":20,"covered":17,"skipped":0,"pct":85}}
,"/Users/pmontu01/Documents/Enterprise/enterprise-react-native/src/ui/components/AddPaymentMethods/AddPaymentMethods.tsx": {"lines":{"total":2,"covered":2,"skipped":0,"pct":100},"functions":{"total":1,"covered":1,"skipped":0,"pct":100},"statements":{"total":2,"covered":2,"skipped":0,"pct":100},"branches":{"total":0,"covered":0,"skipped":0,"pct":100}}
,"/Users/pmontu01/Documents/Enterprise/enterprise-react-native/src/ui/components/AddPaymentMethods/addPaymentMethodsProps.ts": {"lines":{"total":1,"covered":1,"skipped":0,"pct":100},"functions":{"total":0,"covered":0,"skipped":0,"pct":100},"statements":{"total":1,"covered":1,"skipped":0,"pct":100},"branches":{"total":0,"covered":0,"skipped":0,"pct":100}}
,"/Users/pmontu01/Documents/Enterprise/enterprise-react-native/src/ui/components/AddPaymentMethods/useAddPaymentsProcess.ts": {"lines":{"total":30,"covered":25,"skipped":0,"pct":83.33},"functions":{"total":8,"covered":6,"skipped":0,"pct":75},"statements":{"total":32,"covered":25,"skipped":0,"pct":78.12},"branches":{"total":6,"covered":4,"skipped":0,"pct":66.66}}
,"/Users/pmontu01/Documents/Enterprise/enterprise-react-native/src/ui/components/Banners/index.ts": {"lines":{"total":0,"covered":0,"skipped":0,"pct":100},"functions":{"total":0,"covered":0,"skipped":0,"pct":100},"statements":{"total":0,"covered":0,"skipped":0,"pct":100},"branches":{"total":0,"covered":0,"skipped":0,"pct":100}}
,"/Users/pmontu01/Documents/Enterprise/enterprise-react-native/src/ui/components/Banners/DrawerBanner/DrawerBanner.tsx": {"lines":{"total":1,"covered":1,"skipped":0,"pct":100},"functions":{"total":1,"covered":1,"skipped":0,"pct":100},"statements":{"total":1,"covered":1,"skipped":0,"pct":100},"branches":{"total":0,"covered":0,"skipped":0,"pct":100}}
,"/Users/pmontu01/Documents/Enterprise/enterprise-react-native/src/ui/components/Banners/DrawerBanner/DrawerBannerProps.ts": {"lines":{"total":3,"covered":3,"skipped":0,"pct":100},"functions":{"total":0,"covered":0,"skipped":0,"pct":100},"statements":{"total":3,"covered":3,"skipped":0,"pct":100},"branches":{"total":0,"covered":0,"skipped":0,"pct":100}}
,"/Users/pmontu01/Documents/Enterprise/enterprise-react-native/src/ui/components/Banners/FormErrors/FormErrors.tsx": {"lines":{"total":7,"covered":7,"skipped":0,"pct":100},"functions":{"total":2,"covered":2,"skipped":0,"pct":100},"statements":{"total":7,"covered":7,"skipped":0,"pct":100},"branches":{"total":10,"covered":10,"skipped":0,"pct":100}}
,"/Users/pmontu01/Documents/Enterprise/enterprise-react-native/src/ui/components/Banners/FormErrors/formErrorsProps.ts": {"lines":{"total":1,"covered":1,"skipped":0,"pct":100},"functions":{"total":0,"covered":0,"skipped":0,"pct":100},"statements":{"total":1,"covered":1,"skipped":0,"pct":100},"branches":{"total":0,"covered":0,"skipped":0,"pct":100}}
,"/Users/pmontu01/Documents/Enterprise/enterprise-react-native/src/ui/components/Banners/FormErrors/useFormErrors.ts": {"lines":{"total":16,"covered":9,"skipped":0,"pct":56.25},"functions":{"total":4,"covered":3,"skipped":0,"pct":75},"statements":{"total":17,"covered":9,"skipped":0,"pct":52.94},"branches":{"total":20,"covered":10,"skipped":0,"pct":50}}
,"/Users/pmontu01/Documents/Enterprise/enterprise-react-native/src/ui/components/Banners/GeneralError/GeneralError.tsx": {"lines":{"total":1,"covered":1,"skipped":0,"pct":100},"functions":{"total":1,"covered":1,"skipped":0,"pct":100},"statements":{"total":1,"covered":1,"skipped":0,"pct":100},"branches":{"total":0,"covered":0,"skipped":0,"pct":100}}
,"/Users/pmontu01/Documents/Enterprise/enterprise-react-native/src/ui/components/Banners/GeneralError/generalErrorProps.ts": {"lines":{"total":1,"covered":1,"skipped":0,"pct":100},"functions":{"total":0,"covered":0,"skipped":0,"pct":100},"statements":{"total":1,"covered":1,"skipped":0,"pct":100},"branches":{"total":0,"covered":0,"skipped":0,"pct":100}}
,"/Users/pmontu01/Documents/Enterprise/enterprise-react-native/src/ui/components/Banners/MaximumCreditCardsBanner/MaximumCreditCardsBanner.tsx": {"lines":{"total":2,"covered":2,"skipped":0,"pct":100},"functions":{"total":1,"covered":1,"skipped":0,"pct":100},"statements":{"total":2,"covered":2,"skipped":0,"pct":100},"branches":{"total":0,"covered":0,"skipped":0,"pct":100}}
,"/Users/pmontu01/Documents/Enterprise/enterprise-react-native/src/ui/components/Banners/MaximumCreditCardsBanner/maximumCreditCardsBannerProps.ts": {"lines":{"total":2,"covered":2,"skipped":0,"pct":100},"functions":{"total":0,"covered":0,"skipped":0,"pct":100},"statements":{"total":2,"covered":2,"skipped":0,"pct":100},"branches":{"total":0,"covered":0,"skipped":0,"pct":100}}
,"/Users/pmontu01/Documents/Enterprise/enterprise-react-native/src/ui/components/Banners/SignInErrorBanner/SignInErrorBanner.tsx": {"lines":{"total":2,"covered":2,"skipped":0,"pct":100},"functions":{"total":1,"covered":1,"skipped":0,"pct":100},"statements":{"total":2,"covered":2,"skipped":0,"pct":100},"branches":{"total":6,"covered":6,"skipped":0,"pct":100}}
,"/Users/pmontu01/Documents/Enterprise/enterprise-react-native/src/ui/components/Banners/SignInErrorBanner/bannerProps.ts": {"lines":{"total":2,"covered":2,"skipped":0,"pct":100},"functions":{"total":0,"covered":0,"skipped":0,"pct":100},"statements":{"total":2,"covered":2,"skipped":0,"pct":100},"branches":{"total":0,"covered":0,"skipped":0,"pct":100}}
,"/Users/pmontu01/Documents/Enterprise/enterprise-react-native/src/ui/components/Banners/WelcomeBanner/AuthWelcomeBanner.tsx": {"lines":{"total":2,"covered":2,"skipped":0,"pct":100},"functions":{"total":1,"covered":1,"skipped":0,"pct":100},"statements":{"total":2,"covered":2,"skipped":0,"pct":100},"branches":{"total":0,"covered":0,"skipped":0,"pct":100}}
,"/Users/pmontu01/Documents/Enterprise/enterprise-react-native/src/ui/components/Banners/WelcomeBanner/UnAuthWelcomeBanner.tsx": {"lines":{"total":2,"covered":2,"skipped":0,"pct":100},"functions":{"total":1,"covered":1,"skipped":0,"pct":100},"statements":{"total":2,"covered":2,"skipped":0,"pct":100},"branches":{"total":0,"covered":0,"skipped":0,"pct":100}}
,"/Users/pmontu01/Documents/Enterprise/enterprise-react-native/src/ui/components/Banners/WelcomeBanner/WelcomeBanner.tsx": {"lines":{"total":2,"covered":2,"skipped":0,"pct":100},"functions":{"total":1,"covered":1,"skipped":0,"pct":100},"statements":{"total":2,"covered":2,"skipped":0,"pct":100},"branches":{"total":2,"covered":2,"skipped":0,"pct":100}}
,"/Users/pmontu01/Documents/Enterprise/enterprise-react-native/src/ui/components/Banners/WelcomeBanner/useWelcomeBanner.ts": {"lines":{"total":8,"covered":7,"skipped":0,"pct":87.5},"functions":{"total":3,"covered":2,"skipped":0,"pct":66.66},"statements":{"total":8,"covered":7,"skipped":0,"pct":87.5},"branches":{"total":0,"covered":0,"skipped":0,"pct":100}}
,"/Users/pmontu01/Documents/Enterprise/enterprise-react-native/src/ui/components/Banners/WelcomeBanner/welcomeBannerProps.ts": {"lines":{"total":2,"covered":2,"skipped":0,"pct":100},"functions":{"total":0,"covered":0,"skipped":0,"pct":100},"statements":{"total":2,"covered":2,"skipped":0,"pct":100},"branches":{"total":0,"covered":0,"skipped":0,"pct":100}}
,"/Users/pmontu01/Documents/Enterprise/enterprise-react-native/src/ui/components/CallToAction/CallToAction.tsx": {"lines":{"total":2,"covered":2,"skipped":0,"pct":100},"functions":{"total":1,"covered":1,"skipped":0,"pct":100},"statements":{"total":2,"covered":2,"skipped":0,"pct":100},"branches":{"total":0,"covered":0,"skipped":0,"pct":100}}
,"/Users/pmontu01/Documents/Enterprise/enterprise-react-native/src/ui/components/CallToAction/callToActionProps.ts": {"lines":{"total":3,"covered":3,"skipped":0,"pct":100},"functions":{"total":0,"covered":0,"skipped":0,"pct":100},"statements":{"total":3,"covered":3,"skipped":0,"pct":100},"branches":{"total":0,"covered":0,"skipped":0,"pct":100}}
,"/Users/pmontu01/Documents/Enterprise/enterprise-react-native/src/ui/components/CallToAction/useCallToAction.tsx": {"lines":{"total":8,"covered":8,"skipped":0,"pct":100},"functions":{"total":2,"covered":2,"skipped":0,"pct":100},"statements":{"total":8,"covered":8,"skipped":0,"pct":100},"branches":{"total":4,"covered":4,"skipped":0,"pct":100}}
,"/Users/pmontu01/Documents/Enterprise/enterprise-react-native/src/ui/components/CheckInProgressBar/CheckInProgressBar.tsx": {"lines":{"total":3,"covered":3,"skipped":0,"pct":100},"functions":{"total":1,"covered":1,"skipped":0,"pct":100},"statements":{"total":3,"covered":3,"skipped":0,"pct":100},"branches":{"total":1,"covered":1,"skipped":0,"pct":100}}
,"/Users/pmontu01/Documents/Enterprise/enterprise-react-native/src/ui/components/CheckInProgressBar/checkInProgressBarProps.ts": {"lines":{"total":3,"covered":3,"skipped":0,"pct":100},"functions":{"total":0,"covered":0,"skipped":0,"pct":100},"statements":{"total":3,"covered":3,"skipped":0,"pct":100},"branches":{"total":0,"covered":0,"skipped":0,"pct":100}}
,"/Users/pmontu01/Documents/Enterprise/enterprise-react-native/src/ui/components/CheckInProgressBar/useCheckInProgressBar.ts": {"lines":{"total":12,"covered":12,"skipped":0,"pct":100},"functions":{"total":5,"covered":5,"skipped":0,"pct":100},"statements":{"total":12,"covered":12,"skipped":0,"pct":100},"branches":{"total":2,"covered":2,"skipped":0,"pct":100}}
,"/Users/pmontu01/Documents/Enterprise/enterprise-react-native/src/ui/components/DatePicker/DatePicker.tsx": {"lines":{"total":5,"covered":5,"skipped":0,"pct":100},"functions":{"total":2,"covered":2,"skipped":0,"pct":100},"statements":{"total":5,"covered":5,"skipped":0,"pct":100},"branches":{"total":0,"covered":0,"skipped":0,"pct":100}}
,"/Users/pmontu01/Documents/Enterprise/enterprise-react-native/src/ui/components/DatePicker/DatePickerProps.ts": {"lines":{"total":5,"covered":5,"skipped":0,"pct":100},"functions":{"total":1,"covered":1,"skipped":0,"pct":100},"statements":{"total":5,"covered":5,"skipped":0,"pct":100},"branches":{"total":0,"covered":0,"skipped":0,"pct":100}}
,"/Users/pmontu01/Documents/Enterprise/enterprise-react-native/src/ui/components/DatePicker/MonthHeader.tsx": {"lines":{"total":7,"covered":7,"skipped":0,"pct":100},"functions":{"total":1,"covered":1,"skipped":0,"pct":100},"statements":{"total":7,"covered":7,"skipped":0,"pct":100},"branches":{"total":4,"covered":2,"skipped":0,"pct":50}}
,"/Users/pmontu01/Documents/Enterprise/enterprise-react-native/src/ui/components/DatePicker/index.ts": {"lines":{"total":0,"covered":0,"skipped":0,"pct":100},"functions":{"total":0,"covered":0,"skipped":0,"pct":100},"statements":{"total":0,"covered":0,"skipped":0,"pct":100},"branches":{"total":0,"covered":0,"skipped":0,"pct":100}}
,"/Users/pmontu01/Documents/Enterprise/enterprise-react-native/src/ui/components/DatePicker/useDatePicker.tsx": {"lines":{"total":87,"covered":81,"skipped":0,"pct":93.1},"functions":{"total":11,"covered":10,"skipped":0,"pct":90.9},"statements":{"total":88,"covered":82,"skipped":0,"pct":93.18},"branches":{"total":48,"covered":33,"skipped":0,"pct":68.75}}
,"/Users/pmontu01/Documents/Enterprise/enterprise-react-native/src/ui/components/Day/Day.tsx": {"lines":{"total":14,"covered":14,"skipped":0,"pct":100},"functions":{"total":2,"covered":2,"skipped":0,"pct":100},"statements":{"total":14,"covered":14,"skipped":0,"pct":100},"branches":{"total":13,"covered":13,"skipped":0,"pct":100}}
,"/Users/pmontu01/Documents/Enterprise/enterprise-react-native/src/ui/components/Day/DayProps.ts": {"lines":{"total":4,"covered":4,"skipped":0,"pct":100},"functions":{"total":1,"covered":1,"skipped":0,"pct":100},"statements":{"total":4,"covered":4,"skipped":0,"pct":100},"branches":{"total":14,"covered":14,"skipped":0,"pct":100}}
,"/Users/pmontu01/Documents/Enterprise/enterprise-react-native/src/ui/components/Day/index.ts": {"lines":{"total":0,"covered":0,"skipped":0,"pct":100},"functions":{"total":0,"covered":0,"skipped":0,"pct":100},"statements":{"total":0,"covered":0,"skipped":0,"pct":100},"branches":{"total":0,"covered":0,"skipped":0,"pct":100}}
,"/Users/pmontu01/Documents/Enterprise/enterprise-react-native/src/ui/components/Day/useDay.ts": {"lines":{"total":9,"covered":9,"skipped":0,"pct":100},"functions":{"total":2,"covered":2,"skipped":0,"pct":100},"statements":{"total":9,"covered":9,"skipped":0,"pct":100},"branches":{"total":4,"covered":4,"skipped":0,"pct":100}}
,"/Users/pmontu01/Documents/Enterprise/enterprise-react-native/src/ui/components/DrawerContent/DrawerContent.tsx": {"lines":{"total":7,"covered":5,"skipped":0,"pct":71.42},"functions":{"total":6,"covered":4,"skipped":0,"pct":66.66},"statements":{"total":7,"covered":5,"skipped":0,"pct":71.42},"branches":{"total":6,"covered":5,"skipped":0,"pct":83.33}}
,"/Users/pmontu01/Documents/Enterprise/enterprise-react-native/src/ui/components/DrawerContent/DrawerContentProps.ts": {"lines":{"total":2,"covered":2,"skipped":0,"pct":100},"functions":{"total":0,"covered":0,"skipped":0,"pct":100},"statements":{"total":2,"covered":2,"skipped":0,"pct":100},"branches":{"total":0,"covered":0,"skipped":0,"pct":100}}
,"/Users/pmontu01/Documents/Enterprise/enterprise-react-native/src/ui/components/DrawerContent/useDrawerContent.ts": {"lines":{"total":18,"covered":17,"skipped":0,"pct":94.44},"functions":{"total":6,"covered":5,"skipped":0,"pct":83.33},"statements":{"total":18,"covered":17,"skipped":0,"pct":94.44},"branches":{"total":16,"covered":15,"skipped":0,"pct":93.75}}
,"/Users/pmontu01/Documents/Enterprise/enterprise-react-native/src/ui/components/DrawerContent/DrawerMenuSection/DrawerMenuSection.tsx": {"lines":{"total":1,"covered":1,"skipped":0,"pct":100},"functions":{"total":1,"covered":1,"skipped":0,"pct":100},"statements":{"total":1,"covered":1,"skipped":0,"pct":100},"branches":{"total":0,"covered":0,"skipped":0,"pct":100}}
,"/Users/pmontu01/Documents/Enterprise/enterprise-react-native/src/ui/components/DrawerContent/DrawerMenuSection/DrawerMenuSectionProps.tsx": {"lines":{"total":2,"covered":2,"skipped":0,"pct":100},"functions":{"total":0,"covered":0,"skipped":0,"pct":100},"statements":{"total":2,"covered":2,"skipped":0,"pct":100},"branches":{"total":0,"covered":0,"skipped":0,"pct":100}}
,"/Users/pmontu01/Documents/Enterprise/enterprise-react-native/src/ui/components/DrawerContent/TransparentHeader/TransparentHeader.tsx": {"lines":{"total":2,"covered":2,"skipped":0,"pct":100},"functions":{"total":1,"covered":1,"skipped":0,"pct":100},"statements":{"total":2,"covered":2,"skipped":0,"pct":100},"branches":{"total":2,"covered":1,"skipped":0,"pct":50}}
,"/Users/pmontu01/Documents/Enterprise/enterprise-react-native/src/ui/components/DrawerContent/TransparentHeader/TransparentHeaderProps.ts": {"lines":{"total":5,"covered":5,"skipped":0,"pct":100},"functions":{"total":0,"covered":0,"skipped":0,"pct":100},"statements":{"total":5,"covered":5,"skipped":0,"pct":100},"branches":{"total":0,"covered":0,"skipped":0,"pct":100}}
,"/Users/pmontu01/Documents/Enterprise/enterprise-react-native/src/ui/components/DrawerHeader/DrawerHeader.tsx": {"lines":{"total":3,"covered":3,"skipped":0,"pct":100},"functions":{"total":1,"covered":1,"skipped":0,"pct":100},"statements":{"total":3,"covered":3,"skipped":0,"pct":100},"branches":{"total":6,"covered":6,"skipped":0,"pct":100}}
[...]
,"/Users/pmontu01/Documents/Enterprise/enterprise-react-native/src/ui/widgets/Toast/Toast.tsx": {"lines":{"total":11,"covered":11,"skipped":0,"pct":100},"functions":{"total":3,"covered":3,"skipped":0,"pct":100},"statements":{"total":11,"covered":11,"skipped":0,"pct":100},"branches":{"total":14,"covered":11,"skipped":0,"pct":78.57}}
,"/Users/pmontu01/Documents/Enterprise/enterprise-react-native/src/ui/widgets/Toast/ToastControl.tsx": {"lines":{"total":4,"covered":4,"skipped":0,"pct":100},"functions":{"total":2,"covered":1,"skipped":0,"pct":50},"statements":{"total":5,"covered":4,"skipped":0,"pct":80},"branches":{"total":6,"covered":5,"skipped":0,"pct":83.33}}
,"/Users/pmontu01/Documents/Enterprise/enterprise-react-native/src/ui/widgets/Toast/index.ts": {"lines":{"total":0,"covered":0,"skipped":0,"pct":100},"functions":{"total":0,"covered":0,"skipped":0,"pct":100},"statements":{"total":0,"covered":0,"skipped":0,"pct":100},"branches":{"total":0,"covered":0,"skipped":0,"pct":100}}
,"/Users/pmontu01/Documents/Enterprise/enterprise-react-native/src/ui/widgets/Toast/toastProps.ts": {"lines":{"total":4,"covered":4,"skipped":0,"pct":100},"functions":{"total":0,"covered":0,"skipped":0,"pct":100},"statements":{"total":4,"covered":4,"skipped":0,"pct":100},"branches":{"total":0,"covered":0,"skipped":0,"pct":100}}
,"/Users/pmontu01/Documents/Enterprise/enterprise-react-native/src/ui/widgets/Toggle/Toggle.tsx": {"lines":{"total":1,"covered":1,"skipped":0,"pct":100},"functions":{"total":1,"covered":1,"skipped":0,"pct":100},"statements":{"total":1,"covered":1,"skipped":0,"pct":100},"branches":{"total":1,"covered":1,"skipped":0,"pct":100}}
,"/Users/pmontu01/Documents/Enterprise/enterprise-react-native/src/ui/widgets/Toggle/ToggleProps.ts": {"lines":{"total":1,"covered":1,"skipped":0,"pct":100},"functions":{"total":0,"covered":0,"skipped":0,"pct":100},"statements":{"total":1,"covered":1,"skipped":0,"pct":100},"branches":{"total":0,"covered":0,"skipped":0,"pct":100}}
,"/Users/pmontu01/Documents/Enterprise/enterprise-react-native/src/ui/widgets/Toggle/index.ts": {"lines":{"total":0,"covered":0,"skipped":0,"pct":100},"functions":{"total":0,"covered":0,"skipped":0,"pct":100},"statements":{"total":0,"covered":0,"skipped":0,"pct":100},"branches":{"total":0,"covered":0,"skipped":0,"pct":100}}
,"/Users/pmontu01/Documents/Enterprise/enterprise-react-native/src/ui/widgets/Tooltip/Tooltip.tsx": {"lines":{"total":11,"covered":11,"skipped":0,"pct":100},"functions":{"total":4,"covered":4,"skipped":0,"pct":100},"statements":{"total":12,"covered":12,"skipped":0,"pct":100},"branches":{"total":8,"covered":7,"skipped":0,"pct":87.5}}
,"/Users/pmontu01/Documents/Enterprise/enterprise-react-native/src/ui/widgets/Tooltip/tooltipProps.ts": {"lines":{"total":3,"covered":3,"skipped":0,"pct":100},"functions":{"total":0,"covered":0,"skipped":0,"pct":100},"statements":{"total":3,"covered":3,"skipped":0,"pct":100},"branches":{"total":0,"covered":0,"skipped":0,"pct":100}}
,"/Users/pmontu01/Documents/Enterprise/enterprise-react-native/src/ui/widgets/TripTypeTab/TripTypeTab.tsx": {"lines":{"total":9,"covered":9,"skipped":0,"pct":100},"functions":{"total":3,"covered":3,"skipped":0,"pct":100},"statements":{"total":9,"covered":9,"skipped":0,"pct":100},"branches":{"total":16,"covered":16,"skipped":0,"pct":100}}
,"/Users/pmontu01/Documents/Enterprise/enterprise-react-native/src/ui/widgets/TripTypeTab/tripTypeTabProps.ts": {"lines":{"total":2,"covered":2,"skipped":0,"pct":100},"functions":{"total":0,"covered":0,"skipped":0,"pct":100},"statements":{"total":2,"covered":2,"skipped":0,"pct":100},"branches":{"total":0,"covered":0,"skipped":0,"pct":100}}
,"/Users/pmontu01/Documents/Enterprise/enterprise-react-native/src/ui/widgets/VehicleCard/VehicleCard.tsx": {"lines":{"total":21,"covered":18,"skipped":0,"pct":85.71},"functions":{"total":5,"covered":2,"skipped":0,"pct":40},"statements":{"total":21,"covered":18,"skipped":0,"pct":85.71},"branches":{"total":20,"covered":17,"skipped":0,"pct":85}}
,"/Users/pmontu01/Documents/Enterprise/enterprise-react-native/src/ui/widgets/VehicleCard/VehicleCardFooter.tsx": {"lines":{"total":10,"covered":10,"skipped":0,"pct":100},"functions":{"total":3,"covered":3,"skipped":0,"pct":100},"statements":{"total":10,"covered":10,"skipped":0,"pct":100},"branches":{"total":5,"covered":4,"skipped":0,"pct":80}}
,"/Users/pmontu01/Documents/Enterprise/enterprise-react-native/src/ui/widgets/VehicleCard/VehicleCardHeader.tsx": {"lines":{"total":14,"covered":14,"skipped":0,"pct":100},"functions":{"total":1,"covered":1,"skipped":0,"pct":100},"statements":{"total":14,"covered":14,"skipped":0,"pct":100},"branches":{"total":24,"covered":18,"skipped":0,"pct":75}}
,"/Users/pmontu01/Documents/Enterprise/enterprise-react-native/src/ui/widgets/VehicleCard/vehicleCardProps.ts": {"lines":{"total":7,"covered":7,"skipped":0,"pct":100},"functions":{"total":0,"covered":0,"skipped":0,"pct":100},"statements":{"total":7,"covered":7,"skipped":0,"pct":100},"branches":{"total":0,"covered":0,"skipped":0,"pct":100}}
,"/Users/pmontu01/Documents/Enterprise/enterprise-react-native/src/ui/widgets/VehicleCardDetailed/CapacityCard.tsx": {"lines":{"total":1,"covered":1,"skipped":0,"pct":100},"functions":{"total":1,"covered":1,"skipped":0,"pct":100},"statements":{"total":1,"covered":1,"skipped":0,"pct":100},"branches":{"total":0,"covered":0,"skipped":0,"pct":100}}
,"/Users/pmontu01/Documents/Enterprise/enterprise-react-native/src/ui/widgets/VehicleCardDetailed/VehicleCardDetailed.tsx": {"lines":{"total":8,"covered":8,"skipped":0,"pct":100},"functions":{"total":2,"covered":2,"skipped":0,"pct":100},"statements":{"total":8,"covered":8,"skipped":0,"pct":100},"branches":{"total":2,"covered":1,"skipped":0,"pct":50}}
,"/Users/pmontu01/Documents/Enterprise/enterprise-react-native/src/ui/widgets/VehicleCardDetailed/vehicleCardDetailedProps.ts": {"lines":{"total":2,"covered":2,"skipped":0,"pct":100},"functions":{"total":0,"covered":0,"skipped":0,"pct":100},"statements":{"total":2,"covered":2,"skipped":0,"pct":100},"branches":{"total":0,"covered":0,"skipped":0,"pct":100}}
,"/Users/pmontu01/Documents/Enterprise/enterprise-react-native/src/ui/widgets/tabToggle/TabToggle.tsx": {"lines":{"total":5,"covered":5,"skipped":0,"pct":100},"functions":{"total":1,"covered":1,"skipped":0,"pct":100},"statements":{"total":5,"covered":5,"skipped":0,"pct":100},"branches":{"total":8,"covered":8,"skipped":0,"pct":100}}
,"/Users/pmontu01/Documents/Enterprise/enterprise-react-native/src/ui/widgets/tabToggle/tabToggleProps.ts": {"lines":{"total":3,"covered":3,"skipped":0,"pct":100},"functions":{"total":0,"covered":0,"skipped":0,"pct":100},"statements":{"total":3,"covered":3,"skipped":0,"pct":100},"branches":{"total":0,"covered":0,"skipped":0,"pct":100}}
,"/Users/pmontu01/Documents/Enterprise/enterprise-react-native/src/utils/Address.ts": {"lines":{"total":10,"covered":10,"skipped":0,"pct":100},"functions":{"total":2,"covered":2,"skipped":0,"pct":100},"statements":{"total":11,"covered":11,"skipped":0,"pct":100},"branches":{"total":18,"covered":12,"skipped":0,"pct":66.66}}
,"/Users/pmontu01/Documents/Enterprise/enterprise-react-native/src/utils/Analytics.ts": {"lines":{"total":9,"covered":0,"skipped":0,"pct":0},"functions":{"total":1,"covered":0,"skipped":0,"pct":0},"statements":{"total":9,"covered":0,"skipped":0,"pct":0},"branches":{"total":10,"covered":0,"skipped":0,"pct":0}}
,"/Users/pmontu01/Documents/Enterprise/enterprise-react-native/src/utils/Animations.ts": {"lines":{"total":9,"covered":8,"skipped":0,"pct":88.88},"functions":{"total":2,"covered":2,"skipped":0,"pct":100},"statements":{"total":9,"covered":8,"skipped":0,"pct":88.88},"branches":{"total":10,"covered":8,"skipped":0,"pct":80}}
,"/Users/pmontu01/Documents/Enterprise/enterprise-react-native/src/utils/AppInfo.ts": {"lines":{"total":4,"covered":3,"skipped":0,"pct":75},"functions":{"total":4,"covered":3,"skipped":0,"pct":75},"statements":{"total":4,"covered":3,"skipped":0,"pct":75},"branches":{"total":0,"covered":0,"skipped":0,"pct":100}}
,"/Users/pmontu01/Documents/Enterprise/enterprise-react-native/src/utils/Array.ts": {"lines":{"total":3,"covered":3,"skipped":0,"pct":100},"functions":{"total":3,"covered":3,"skipped":0,"pct":100},"statements":{"total":3,"covered":3,"skipped":0,"pct":100},"branches":{"total":2,"covered":2,"skipped":0,"pct":100}}
,"/Users/pmontu01/Documents/Enterprise/enterprise-react-native/src/utils/Auth.ts": {"lines":{"total":12,"covered":12,"skipped":0,"pct":100},"functions":{"total":2,"covered":2,"skipped":0,"pct":100},"statements":{"total":12,"covered":12,"skipped":0,"pct":100},"branches":{"total":0,"covered":0,"skipped":0,"pct":100}}
,"/Users/pmontu01/Documents/Enterprise/enterprise-react-native/src/utils/BarcodeParser.ts": {"lines":{"total":35,"covered":31,"skipped":0,"pct":88.57},"functions":{"total":6,"covered":6,"skipped":0,"pct":100},"statements":{"total":39,"covered":33,"skipped":0,"pct":84.61},"branches":{"total":27,"covered":19,"skipped":0,"pct":70.37}}
,"/Users/pmontu01/Documents/Enterprise/enterprise-react-native/src/utils/Clipboard.ts": {"lines":{"total":2,"covered":2,"skipped":0,"pct":100},"functions":{"total":1,"covered":1,"skipped":0,"pct":100},"statements":{"total":2,"covered":2,"skipped":0,"pct":100},"branches":{"total":0,"covered":0,"skipped":0,"pct":100}}
,"/Users/pmontu01/Documents/Enterprise/enterprise-react-native/src/utils/ConfirmModify.ts": {"lines":{"total":39,"covered":37,"skipped":0,"pct":94.87},"functions":{"total":8,"covered":8,"skipped":0,"pct":100},"statements":{"total":41,"covered":39,"skipped":0,"pct":95.12},"branches":{"total":31,"covered":29,"skipped":0,"pct":93.54}}
,"/Users/pmontu01/Documents/Enterprise/enterprise-react-native/src/utils/DateTime.ts": {"lines":{"total":120,"covered":103,"skipped":0,"pct":85.83},"functions":{"total":46,"covered":42,"skipped":0,"pct":91.3},"statements":{"total":123,"covered":105,"skipped":0,"pct":85.36},"branches":{"total":52,"covered":39,"skipped":0,"pct":75}}
,"/Users/pmontu01/Documents/Enterprise/enterprise-react-native/src/utils/DeliveryAndCollection.ts": {"lines":{"total":1,"covered":0,"skipped":0,"pct":0},"functions":{"total":1,"covered":0,"skipped":0,"pct":0},"statements":{"total":1,"covered":0,"skipped":0,"pct":0},"branches":{"total":5,"covered":0,"skipped":0,"pct":0}}
,"/Users/pmontu01/Documents/Enterprise/enterprise-react-native/src/utils/Environment.ts": {"lines":{"total":29,"covered":29,"skipped":0,"pct":100},"functions":{"total":8,"covered":8,"skipped":0,"pct":100},"statements":{"total":31,"covered":31,"skipped":0,"pct":100},"branches":{"total":20,"covered":20,"skipped":0,"pct":100}}
,"/Users/pmontu01/Documents/Enterprise/enterprise-react-native/src/utils/Error.ts": {"lines":{"total":26,"covered":26,"skipped":0,"pct":100},"functions":{"total":10,"covered":10,"skipped":0,"pct":100},"statements":{"total":26,"covered":26,"skipped":0,"pct":100},"branches":{"total":15,"covered":14,"skipped":0,"pct":93.33}}
,"/Users/pmontu01/Documents/Enterprise/enterprise-react-native/src/utils/Images.ts": {"lines":{"total":30,"covered":29,"skipped":0,"pct":96.66},"functions":{"total":9,"covered":9,"skipped":0,"pct":100},"statements":{"total":31,"covered":30,"skipped":0,"pct":96.77},"branches":{"total":13,"covered":12,"skipped":0,"pct":92.3}}
,"/Users/pmontu01/Documents/Enterprise/enterprise-react-native/src/utils/Links.ts": {"lines":{"total":13,"covered":13,"skipped":0,"pct":100},"functions":{"total":5,"covered":5,"skipped":0,"pct":100},"statements":{"total":13,"covered":13,"skipped":0,"pct":100},"branches":{"total":6,"covered":5,"skipped":0,"pct":83.33}}
,"/Users/pmontu01/Documents/Enterprise/enterprise-react-native/src/utils/LocalData.ts": {"lines":{"total":22,"covered":22,"skipped":0,"pct":100},"functions":{"total":14,"covered":14,"skipped":0,"pct":100},"statements":{"total":24,"covered":24,"skipped":0,"pct":100},"branches":{"total":12,"covered":12,"skipped":0,"pct":100}}
,"/Users/pmontu01/Documents/Enterprise/enterprise-react-native/src/utils/Localization.ts": {"lines":{"total":24,"covered":22,"skipped":0,"pct":91.66},"functions":{"total":10,"covered":8,"skipped":0,"pct":80},"statements":{"total":24,"covered":22,"skipped":0,"pct":91.66},"branches":{"total":11,"covered":11,"skipped":0,"pct":100}}
,"/Users/pmontu01/Documents/Enterprise/enterprise-react-native/src/utils/LocationSearch.ts": {"lines":{"total":48,"covered":20,"skipped":0,"pct":41.66},"functions":{"total":13,"covered":2,"skipped":0,"pct":15.38},"statements":{"total":55,"covered":20,"skipped":0,"pct":36.36},"branches":{"total":32,"covered":17,"skipped":0,"pct":53.12}}
,"/Users/pmontu01/Documents/Enterprise/enterprise-react-native/src/utils/Logger.ts": {"lines":{"total":39,"covered":8,"skipped":0,"pct":20.51},"functions":{"total":12,"covered":1,"skipped":0,"pct":8.33},"statements":{"total":40,"covered":8,"skipped":0,"pct":20},"branches":{"total":18,"covered":0,"skipped":0,"pct":0}}
,"/Users/pmontu01/Documents/Enterprise/enterprise-react-native/src/utils/Map.ts": {"lines":{"total":54,"covered":30,"skipped":0,"pct":55.55},"functions":{"total":15,"covered":7,"skipped":0,"pct":46.66},"statements":{"total":54,"covered":30,"skipped":0,"pct":55.55},"branches":{"total":14,"covered":5,"skipped":0,"pct":35.71}}
,"/Users/pmontu01/Documents/Enterprise/enterprise-react-native/src/utils/Modal.ts": {"lines":{"total":4,"covered":4,"skipped":0,"pct":100},"functions":{"total":2,"covered":2,"skipped":0,"pct":100},"statements":{"total":4,"covered":4,"skipped":0,"pct":100},"branches":{"total":0,"covered":0,"skipped":0,"pct":100}}
,"/Users/pmontu01/Documents/Enterprise/enterprise-react-native/src/utils/Network.ts": {"lines":{"total":3,"covered":2,"skipped":0,"pct":66.66},"functions":{"total":1,"covered":1,"skipped":0,"pct":100},"statements":{"total":3,"covered":2,"skipped":0,"pct":66.66},"branches":{"total":0,"covered":0,"skipped":0,"pct":100}}
,"/Users/pmontu01/Documents/Enterprise/enterprise-react-native/src/utils/Object.ts": {"lines":{"total":3,"covered":3,"skipped":0,"pct":100},"functions":{"total":2,"covered":2,"skipped":0,"pct":100},"statements":{"total":4,"covered":4,"skipped":0,"pct":100},"branches":{"total":0,"covered":0,"skipped":0,"pct":100}}
,"/Users/pmontu01/Documents/Enterprise/enterprise-react-native/src/utils/Payment.ts": {"lines":{"total":13,"covered":13,"skipped":0,"pct":100},"functions":{"total":3,"covered":3,"skipped":0,"pct":100},"statements":{"total":13,"covered":13,"skipped":0,"pct":100},"branches":{"total":6,"covered":6,"skipped":0,"pct":100}}
,"/Users/pmontu01/Documents/Enterprise/enterprise-react-native/src/utils/Permission.ts": {"lines":{"total":3,"covered":1,"skipped":0,"pct":33.33},"functions":{"total":3,"covered":1,"skipped":0,"pct":33.33},"statements":{"total":3,"covered":1,"skipped":0,"pct":33.33},"branches":{"total":0,"covered":0,"skipped":0,"pct":100}}
,"/Users/pmontu01/Documents/Enterprise/enterprise-react-native/src/utils/Platform.ts": {"lines":{"total":13,"covered":12,"skipped":0,"pct":92.3},"functions":{"total":5,"covered":5,"skipped":0,"pct":100},"statements":{"total":13,"covered":12,"skipped":0,"pct":92.3},"branches":{"total":8,"covered":7,"skipped":0,"pct":87.5}}
,"/Users/pmontu01/Documents/Enterprise/enterprise-react-native/src/utils/Queue.ts": {"lines":{"total":12,"covered":12,"skipped":0,"pct":100},"functions":{"total":5,"covered":5,"skipped":0,"pct":100},"statements":{"total":12,"covered":12,"skipped":0,"pct":100},"branches":{"total":0,"covered":0,"skipped":0,"pct":100}}
,"/Users/pmontu01/Documents/Enterprise/enterprise-react-native/src/utils/RequestError.ts": {"lines":{"total":6,"covered":1,"skipped":0,"pct":16.66},"functions":{"total":3,"covered":1,"skipped":0,"pct":33.33},"statements":{"total":6,"covered":1,"skipped":0,"pct":16.66},"branches":{"total":3,"covered":2,"skipped":0,"pct":66.66}}
,"/Users/pmontu01/Documents/Enterprise/enterprise-react-native/src/utils/Reservations.ts": {"lines":{"total":116,"covered":47,"skipped":0,"pct":40.51},"functions":{"total":33,"covered":15,"skipped":0,"pct":45.45},"statements":{"total":119,"covered":48,"skipped":0,"pct":40.33},"branches":{"total":70,"covered":18,"skipped":0,"pct":25.71}}
,"/Users/pmontu01/Documents/Enterprise/enterprise-react-native/src/utils/Services.ts": {"lines":{"total":24,"covered":24,"skipped":0,"pct":100},"functions":{"total":13,"covered":13,"skipped":0,"pct":100},"statements":{"total":27,"covered":27,"skipped":0,"pct":100},"branches":{"total":10,"covered":10,"skipped":0,"pct":100}}
,"/Users/pmontu01/Documents/Enterprise/enterprise-react-native/src/utils/String.ts": {"lines":{"total":55,"covered":54,"skipped":0,"pct":98.18},"functions":{"total":16,"covered":16,"skipped":0,"pct":100},"statements":{"total":56,"covered":55,"skipped":0,"pct":98.21},"branches":{"total":20,"covered":20,"skipped":0,"pct":100}}
,"/Users/pmontu01/Documents/Enterprise/enterprise-react-native/src/utils/TimeUnitString.ts": {"lines":{"total":11,"covered":11,"skipped":0,"pct":100},"functions":{"total":1,"covered":1,"skipped":0,"pct":100},"statements":{"total":15,"covered":15,"skipped":0,"pct":100},"branches":{"total":12,"covered":12,"skipped":0,"pct":100}}
,"/Users/pmontu01/Documents/Enterprise/enterprise-react-native/src/utils/Types.ts": {"lines":{"total":2,"covered":2,"skipped":0,"pct":100},"functions":{"total":2,"covered":2,"skipped":0,"pct":100},"statements":{"total":2,"covered":2,"skipped":0,"pct":100},"branches":{"total":0,"covered":0,"skipped":0,"pct":100}}
,"/Users/pmontu01/Documents/Enterprise/enterprise-react-native/src/utils/Urls.ts": {"lines":{"total":36,"covered":36,"skipped":0,"pct":100},"functions":{"total":3,"covered":3,"skipped":0,"pct":100},"statements":{"total":36,"covered":36,"skipped":0,"pct":100},"branches":{"total":26,"covered":26,"skipped":0,"pct":100}}
,"/Users/pmontu01/Documents/Enterprise/enterprise-react-native/src/utils/Validation.ts": {"lines":{"total":49,"covered":25,"skipped":0,"pct":51.02},"functions":{"total":5,"covered":4,"skipped":0,"pct":80},"statements":{"total":49,"covered":25,"skipped":0,"pct":51.02},"branches":{"total":70,"covered":35,"skipped":0,"pct":50}}
,"/Users/pmontu01/Documents/Enterprise/enterprise-react-native/src/utils/WebView.ts": {"lines":{"total":3,"covered":3,"skipped":0,"pct":100},"functions":{"total":3,"covered":3,"skipped":0,"pct":100},"statements":{"total":3,"covered":3,"skipped":0,"pct":100},"branches":{"total":0,"covered":0,"skipped":0,"pct":100}}
,"/Users/pmontu01/Documents/Enterprise/enterprise-react-native/src/utils/Notifications/Base.ts": {"lines":{"total":25,"covered":6,"skipped":0,"pct":24},"functions":{"total":6,"covered":2,"skipped":0,"pct":33.33},"statements":{"total":25,"covered":6,"skipped":0,"pct":24},"branches":{"total":15,"covered":2,"skipped":0,"pct":13.33}}
,"/Users/pmontu01/Documents/Enterprise/enterprise-react-native/src/utils/Notifications/Notifications.android.ts": {"lines":{"total":9,"covered":0,"skipped":0,"pct":0},"functions":{"total":3,"covered":0,"skipped":0,"pct":0},"statements":{"total":9,"covered":0,"skipped":0,"pct":0},"branches":{"total":0,"covered":0,"skipped":0,"pct":100}}
,"/Users/pmontu01/Documents/Enterprise/enterprise-react-native/src/utils/Notifications/Notifications.d.ts": {"lines":{"total":0,"covered":0,"skipped":0,"pct":100},"functions":{"total":0,"covered":0,"skipped":0,"pct":100},"statements":{"total":0,"covered":0,"skipped":0,"pct":100},"branches":{"total":0,"covered":0,"skipped":0,"pct":100}}
,"/Users/pmontu01/Documents/Enterprise/enterprise-react-native/src/utils/Notifications/Notifications.ios.ts": {"lines":{"total":7,"covered":1,"skipped":0,"pct":14.28},"functions":{"total":3,"covered":0,"skipped":0,"pct":0},"statements":{"total":7,"covered":1,"skipped":0,"pct":14.28},"branches":{"total":0,"covered":0,"skipped":0,"pct":100}}
}
